#
# There is insufficient memory for the Java Runtime Environment to continue.
# Native memory allocation (malloc) failed to allocate 1050032 bytes for Chunk::new
# Possible reasons:
#   The system is out of physical RAM or swap space
#   The process is running with CompressedOops enabled, and the Java Heap may be blocking the growth of the native heap
# Possible solutions:
#   Reduce memory load on the system
#   Increase physical memory or swap space
#   Check if swap backing store is full
#   Decrease Java heap size (-Xmx/-Xms)
#   Decrease number of Java threads
#   Decrease Java thread stack sizes (-Xss)
#   Set larger code cache with -XX:ReservedCodeCacheSize=
#   JVM is running with Unscaled Compressed Oops mode in which the Java heap is
#     placed in the first 4GB address space. The Java Heap base address is the
#     maximum limit for the native heap growth. Please use -XX:HeapBaseMinAddress
#     to set the Java Heap base and to place the Java Heap above 4GB virtual address.
# This output file may be truncated or incomplete.
#
#  Out of Memory Error (arena.cpp:168), pid=108308, tid=108500
#
# JRE version: Java(TM) SE Runtime Environment (21.0.5+9) (build 21.0.5+9-LTS-239)
# Java VM: Java HotSpot(TM) 64-Bit Server VM (21.0.5+9-LTS-239, mixed mode, sharing, tiered, compressed oops, compressed class ptrs, g1 gc, windows-amd64)
# No core dump will be written. Minidumps are not enabled by default on client versions of Windows
#

---------------  S U M M A R Y ------------

Command Line: --add-opens=java.base/java.util=ALL-UNNAMED --add-opens=java.base/java.lang=ALL-UNNAMED --add-opens=java.base/java.lang.invoke=ALL-UNNAMED --add-opens=java.prefs/java.util.prefs=ALL-UNNAMED --add-exports=jdk.compiler/com.sun.tools.javac.api=ALL-UNNAMED --add-exports=jdk.compiler/com.sun.tools.javac.util=ALL-UNNAMED --add-opens=java.base/java.nio.charset=ALL-UNNAMED --add-opens=java.base/java.net=ALL-UNNAMED --add-opens=java.base/java.util.concurrent.atomic=ALL-UNNAMED -XX:MaxMetaspaceSize=384m -XX:+HeapDumpOnOutOfMemoryError -Xms256m -Xmx512m -Dfile.encoding=UTF-8 -Duser.country=GB -Duser.language=en -Duser.variant -javaagent:C:\Users\ASUS\.gradle\wrapper\dists\gradle-8.10.2-bin\a04bxjujx95o3nb99gddekhwo\gradle-8.10.2\lib\agents\gradle-instrumentation-agent-8.10.2.jar org.gradle.launcher.daemon.bootstrap.GradleDaemon 8.10.2

Host: Intel(R) Core(TM) i5-8265U CPU @ 1.60GHz, 8 cores, 19G,  Windows 11 , 64 bit Build 26100 (10.0.26100.2454)
Time: Tue Feb 11 23:04:00 2025 SE Asia Standard Time elapsed time: 6.191502 seconds (0d 0h 0m 6s)

---------------  T H R E A D  ---------------

Current thread (0x00000220fe4c1fe0):  JavaThread "C2 CompilerThread2" daemon [_thread_in_native, id=108500, stack(0x000000a68ab00000,0x000000a68ac00000) (1024K)]


Current CompileTask:
C2:   6191 2983   !   4       java.net.URL::<init> (543 bytes)

Stack: [0x000000a68ab00000,0x000000a68ac00000]
Native frames: (J=compiled Java code, j=interpreted, Vv=VM code, C=native code)
V  [jvm.dll+0x6ca289]
V  [jvm.dll+0x854a51]
V  [jvm.dll+0x856f7e]
V  [jvm.dll+0x857653]
V  [jvm.dll+0x27dd26]
V  [jvm.dll+0xc4c2d]
V  [jvm.dll+0xc5163]
V  [jvm.dll+0x3b4d3c]
V  [jvm.dll+0x3814b5]
V  [jvm.dll+0x38092a]
V  [jvm.dll+0x246910]
V  [jvm.dll+0x245eef]
V  [jvm.dll+0x1c6d0e]
V  [jvm.dll+0x2554d9]
V  [jvm.dll+0x253a6a]
V  [jvm.dll+0x3ee136]
V  [jvm.dll+0x7fee9b]
V  [jvm.dll+0x6c896d]
C  [ucrtbase.dll+0x14ea0]
C  [KERNEL32.DLL+0x2e8d7]
C  [ntdll.dll+0xdfbcc]


---------------  P R O C E S S  ---------------

Threads class SMR info:
_java_thread_list=0x00000220a9546d20, length=26, elements={
0x00000220f060d910, 0x00000220fe493760, 0x00000220fe494e20, 0x00000220fe4989b0,
0x00000220fe499530, 0x00000220fe49db00, 0x00000220fe4a0690, 0x00000220fe4ace10,
0x00000220fe4c2d80, 0x00000220fe5af2f0, 0x00000220fe7011d0, 0x00000220fe4c26b0,
0x00000220a8e73390, 0x00000220a9054e00, 0x00000220a91afa00, 0x00000220a90cc9b0,
0x00000220a91e71c0, 0x00000220a8e385f0, 0x00000220a8e38c50, 0x00000220a8e53e20,
0x00000220a910e580, 0x00000220a910d1d0, 0x00000220a9110650, 0x00000220a910ffc0,
0x00000220a910ec10, 0x00000220fe4c1fe0
}

Java Threads: ( => current thread )
  0x00000220f060d910 JavaThread "main"                              [_thread_blocked, id=97260, stack(0x000000a688400000,0x000000a688500000) (1024K)]
  0x00000220fe493760 JavaThread "Reference Handler"          daemon [_thread_blocked, id=98096, stack(0x000000a688c00000,0x000000a688d00000) (1024K)]
  0x00000220fe494e20 JavaThread "Finalizer"                  daemon [_thread_blocked, id=105416, stack(0x000000a688d00000,0x000000a688e00000) (1024K)]
  0x00000220fe4989b0 JavaThread "Signal Dispatcher"          daemon [_thread_blocked, id=97548, stack(0x000000a688e00000,0x000000a688f00000) (1024K)]
  0x00000220fe499530 JavaThread "Attach Listener"            daemon [_thread_blocked, id=85540, stack(0x000000a688f00000,0x000000a689000000) (1024K)]
  0x00000220fe49db00 JavaThread "Service Thread"             daemon [_thread_blocked, id=109712, stack(0x000000a689000000,0x000000a689100000) (1024K)]
  0x00000220fe4a0690 JavaThread "Monitor Deflation Thread"   daemon [_thread_blocked, id=96312, stack(0x000000a689100000,0x000000a689200000) (1024K)]
  0x00000220fe4ace10 JavaThread "C2 CompilerThread0"         daemon [_thread_in_native, id=86764, stack(0x000000a689200000,0x000000a689300000) (1024K)]
  0x00000220fe4c2d80 JavaThread "C1 CompilerThread0"         daemon [_thread_blocked, id=109084, stack(0x000000a689300000,0x000000a689400000) (1024K)]
  0x00000220fe5af2f0 JavaThread "Common-Cleaner"             daemon [_thread_blocked, id=94332, stack(0x000000a689400000,0x000000a689500000) (1024K)]
  0x00000220fe7011d0 JavaThread "Notification Thread"        daemon [_thread_blocked, id=91144, stack(0x000000a689500000,0x000000a689600000) (1024K)]
  0x00000220fe4c26b0 JavaThread "C2 CompilerThread1"         daemon [_thread_in_native, id=8568, stack(0x000000a689600000,0x000000a689700000) (1024K)]
  0x00000220a8e73390 JavaThread "Daemon health stats"               [_thread_blocked, id=95872, stack(0x000000a689e00000,0x000000a689f00000) (1024K)]
  0x00000220a9054e00 JavaThread "Incoming local TCP Connector on port 56793"        [_thread_in_native, id=103352, stack(0x000000a689f00000,0x000000a68a000000) (1024K)]
  0x00000220a91afa00 JavaThread "Daemon periodic checks"            [_thread_blocked, id=109968, stack(0x000000a68a000000,0x000000a68a100000) (1024K)]
  0x00000220a90cc9b0 JavaThread "Daemon"                            [_thread_blocked, id=107168, stack(0x000000a68a100000,0x000000a68a200000) (1024K)]
  0x00000220a91e71c0 JavaThread "Handler for socket connection from /127.0.0.1:56793 to /127.0.0.1:56794"        [_thread_in_native, id=97568, stack(0x000000a68a200000,0x000000a68a300000) (1024K)]
  0x00000220a8e385f0 JavaThread "Cancel handler"                    [_thread_blocked, id=99292, stack(0x000000a68a300000,0x000000a68a400000) (1024K)]
  0x00000220a8e38c50 JavaThread "Daemon worker"                     [_thread_in_vm, id=87580, stack(0x000000a68a400000,0x000000a68a500000) (1024K)]
  0x00000220a8e53e20 JavaThread "Asynchronous log dispatcher for DefaultDaemonConnection: socket connection from /127.0.0.1:56793 to /127.0.0.1:56794"        [_thread_blocked, id=91392, stack(0x000000a68a500000,0x000000a68a600000) (1024K)]
  0x00000220a910e580 JavaThread "Stdin handler"                     [_thread_blocked, id=100508, stack(0x000000a68a600000,0x000000a68a700000) (1024K)]
  0x00000220a910d1d0 JavaThread "Daemon client event forwarder"        [_thread_blocked, id=109632, stack(0x000000a68a700000,0x000000a68a800000) (1024K)]
  0x00000220a9110650 JavaThread "Cache worker for journal cache (C:\Users\ASUS\.gradle\caches\journal-1)"        [_thread_blocked, id=109364, stack(0x000000a68a800000,0x000000a68a900000) (1024K)]
  0x00000220a910ffc0 JavaThread "File lock request listener"        [_thread_in_native, id=94688, stack(0x000000a68a900000,0x000000a68aa00000) (1024K)]
  0x00000220a910ec10 JavaThread "Cache worker for file hash cache (C:\Users\ASUS\.gradle\caches\8.10.2\fileHashes)"        [_thread_blocked, id=98904, stack(0x000000a68aa00000,0x000000a68ab00000) (1024K)]
=>0x00000220fe4c1fe0 JavaThread "C2 CompilerThread2"         daemon [_thread_in_native, id=108500, stack(0x000000a68ab00000,0x000000a68ac00000) (1024K)]
Total: 26

Other Threads:
  0x00000220fe4786b0 VMThread "VM Thread"                           [id=104036, stack(0x000000a688b00000,0x000000a688c00000) (1024K)]
  0x00000220fe467520 WatcherThread "VM Periodic Task Thread"        [id=102120, stack(0x000000a688a00000,0x000000a688b00000) (1024K)]
  0x00000220f2868300 WorkerThread "GC Thread#0"                     [id=86708, stack(0x000000a688500000,0x000000a688600000) (1024K)]
  0x00000220fe863ee0 WorkerThread "GC Thread#1"                     [id=94028, stack(0x000000a689800000,0x000000a689900000) (1024K)]
  0x00000220fee2dee0 WorkerThread "GC Thread#2"                     [id=88284, stack(0x000000a689900000,0x000000a689a00000) (1024K)]
  0x00000220fee2e280 WorkerThread "GC Thread#3"                     [id=97832, stack(0x000000a689a00000,0x000000a689b00000) (1024K)]
  0x00000220fee2e620 WorkerThread "GC Thread#4"                     [id=88116, stack(0x000000a689b00000,0x000000a689c00000) (1024K)]
  0x00000220fe7af0e0 WorkerThread "GC Thread#5"                     [id=97412, stack(0x000000a689c00000,0x000000a689d00000) (1024K)]
  0x00000220a83a7a80 WorkerThread "GC Thread#6"                     [id=91668, stack(0x000000a689700000,0x000000a689800000) (1024K)]
  0x00000220a83a8220 WorkerThread "GC Thread#7"                     [id=108356, stack(0x000000a689d00000,0x000000a689e00000) (1024K)]
  0x00000220f286d090 ConcurrentGCThread "G1 Main Marker"            [id=91656, stack(0x000000a688600000,0x000000a688700000) (1024K)]
  0x00000220f286e660 WorkerThread "G1 Conc#0"                       [id=102016, stack(0x000000a688700000,0x000000a688800000) (1024K)]
  0x00000220ac66c620 WorkerThread "G1 Conc#1"                       [id=54556, stack(0x000000a68ac00000,0x000000a68ad00000) (1024K)]
  0x00000220fe335ea0 ConcurrentGCThread "G1 Refine#0"               [id=104112, stack(0x000000a688800000,0x000000a688900000) (1024K)]
  0x00000220fe3367c0 ConcurrentGCThread "G1 Service"                [id=97148, stack(0x000000a688900000,0x000000a688a00000) (1024K)]
Total: 15

Threads with active compile tasks:
C2 CompilerThread0     6265 2890       4       java.net.URLClassLoader$1::run (5 bytes)
C1 CompilerThread0     6266 3048       3       java.lang.AbstractStringBuilder::appendChars (130 bytes)
C2 CompilerThread1     6266 2891   !   4       java.net.URLClassLoader$1::run (81 bytes)
C2 CompilerThread2     6266 2983   !   4       java.net.URL::<init> (543 bytes)
Total: 4

VM state: not at safepoint (normal execution)

VM Mutex/Monitor currently owned by a thread: None

Heap address: 0x00000000e0000000, size: 512 MB, Compressed Oops mode: 32-bit

CDS archive(s) mapped at: [0x000002208f000000-0x000002208fc90000-0x000002208fc90000), size 13172736, SharedBaseAddress: 0x000002208f000000, ArchiveRelocationMode: 1.
Compressed class space mapped at: 0x0000022090000000-0x00000220a4000000, reserved size: 335544320
Narrow klass base: 0x000002208f000000, Narrow klass shift: 0, Narrow klass range: 0x100000000

GC Precious Log:
 CardTable entry size: 512
 Card Set container configuration: InlinePtr #cards 5 size 8 Array Of Cards #cards 12 size 40 Howl #buckets 4 coarsen threshold 1843 Howl Bitmap #cards 512 size 80 coarsen threshold 460 Card regions per heap region 1 cards per card region 2048
 CPUs: 8 total, 8 available
 Memory: 20331M
 Large Page Support: Disabled
 NUMA Support: Disabled
 Compressed Oops: Enabled (32-bit)
 Heap Region Size: 1M
 Heap Min Capacity: 256M
 Heap Initial Capacity: 256M
 Heap Max Capacity: 512M
 Pre-touch: Disabled
 Parallel Workers: 8
 Concurrent Workers: 2
 Concurrent Refinement Workers: 8
 Periodic GC: Disabled

Heap:
 garbage-first heap   total 262144K, used 26003K [0x00000000e0000000, 0x0000000100000000)
  region size 1024K, 16 young (16384K), 14 survivors (14336K)
 Metaspace       used 20909K, committed 21568K, reserved 393216K
  class space    used 3000K, committed 3328K, reserved 327680K

Heap Regions: E=young(eden), S=young(survivor), O=old, HS=humongous(starts), HC=humongous(continues), CS=collection set, F=free, TAMS=top-at-mark-start, PB=parsable bottom
|   0|0x00000000e0000000, 0x00000000e0100000, 0x00000000e0100000|100%| O|Cm|TAMS 0x00000000e0000000| PB 0x00000000e0000000| Complete 
|   1|0x00000000e0100000, 0x00000000e0200000, 0x00000000e0200000|100%| O|  |TAMS 0x00000000e0100000| PB 0x00000000e0100000| Untracked 
|   2|0x00000000e0200000, 0x00000000e0300000, 0x00000000e0300000|100%| O|  |TAMS 0x00000000e0200000| PB 0x00000000e0200000| Untracked 
|   3|0x00000000e0300000, 0x00000000e0400000, 0x00000000e0400000|100%|HS|  |TAMS 0x00000000e0300000| PB 0x00000000e0300000| Complete 
|   4|0x00000000e0400000, 0x00000000e0500000, 0x00000000e0500000|100%|HC|  |TAMS 0x00000000e0400000| PB 0x00000000e0400000| Complete 
|   5|0x00000000e0500000, 0x00000000e0600000, 0x00000000e0600000|100%|HC|  |TAMS 0x00000000e0500000| PB 0x00000000e0500000| Complete 
|   6|0x00000000e0600000, 0x00000000e0700000, 0x00000000e0700000|100%|HC|  |TAMS 0x00000000e0600000| PB 0x00000000e0600000| Complete 
|   7|0x00000000e0700000, 0x00000000e0800000, 0x00000000e0800000|100%| O|  |TAMS 0x00000000e0700000| PB 0x00000000e0700000| Untracked 
|   8|0x00000000e0800000, 0x00000000e0900000, 0x00000000e0900000|100%| O|  |TAMS 0x00000000e0800000| PB 0x00000000e0800000| Untracked 
|   9|0x00000000e0900000, 0x00000000e0a00000, 0x00000000e0a00000|100%|HS|  |TAMS 0x00000000e0900000| PB 0x00000000e0900000| Complete 
|  10|0x00000000e0a00000, 0x00000000e0a00000, 0x00000000e0b00000|  0%| F|  |TAMS 0x00000000e0a00000| PB 0x00000000e0a00000| Untracked 
|  11|0x00000000e0b00000, 0x00000000e0c00000, 0x00000000e0c00000|100%| O|  |TAMS 0x00000000e0b00000| PB 0x00000000e0b00000| Untracked 
|  12|0x00000000e0c00000, 0x00000000e0c36990, 0x00000000e0d00000| 21%| O|  |TAMS 0x00000000e0c00000| PB 0x00000000e0c00000| Untracked 
|  13|0x00000000e0d00000, 0x00000000e0d00000, 0x00000000e0e00000|  0%| F|  |TAMS 0x00000000e0d00000| PB 0x00000000e0d00000| Untracked 
|  14|0x00000000e0e00000, 0x00000000e0e00000, 0x00000000e0f00000|  0%| F|  |TAMS 0x00000000e0e00000| PB 0x00000000e0e00000| Untracked 
|  15|0x00000000e0f00000, 0x00000000e0f00000, 0x00000000e1000000|  0%| F|  |TAMS 0x00000000e0f00000| PB 0x00000000e0f00000| Untracked 
|  16|0x00000000e1000000, 0x00000000e1000000, 0x00000000e1100000|  0%| F|  |TAMS 0x00000000e1000000| PB 0x00000000e1000000| Untracked 
|  17|0x00000000e1100000, 0x00000000e1100000, 0x00000000e1200000|  0%| F|  |TAMS 0x00000000e1100000| PB 0x00000000e1100000| Untracked 
|  18|0x00000000e1200000, 0x00000000e1200000, 0x00000000e1300000|  0%| F|  |TAMS 0x00000000e1200000| PB 0x00000000e1200000| Untracked 
|  19|0x00000000e1300000, 0x00000000e1300000, 0x00000000e1400000|  0%| F|  |TAMS 0x00000000e1300000| PB 0x00000000e1300000| Untracked 
|  20|0x00000000e1400000, 0x00000000e1400000, 0x00000000e1500000|  0%| F|  |TAMS 0x00000000e1400000| PB 0x00000000e1400000| Untracked 
|  21|0x00000000e1500000, 0x00000000e1500000, 0x00000000e1600000|  0%| F|  |TAMS 0x00000000e1500000| PB 0x00000000e1500000| Untracked 
|  22|0x00000000e1600000, 0x00000000e1600000, 0x00000000e1700000|  0%| F|  |TAMS 0x00000000e1600000| PB 0x00000000e1600000| Untracked 
|  23|0x00000000e1700000, 0x00000000e1700000, 0x00000000e1800000|  0%| F|  |TAMS 0x00000000e1700000| PB 0x00000000e1700000| Untracked 
|  24|0x00000000e1800000, 0x00000000e1800000, 0x00000000e1900000|  0%| F|  |TAMS 0x00000000e1800000| PB 0x00000000e1800000| Untracked 
|  25|0x00000000e1900000, 0x00000000e1900000, 0x00000000e1a00000|  0%| F|  |TAMS 0x00000000e1900000| PB 0x00000000e1900000| Untracked 
|  26|0x00000000e1a00000, 0x00000000e1a00000, 0x00000000e1b00000|  0%| F|  |TAMS 0x00000000e1a00000| PB 0x00000000e1a00000| Untracked 
|  27|0x00000000e1b00000, 0x00000000e1b00000, 0x00000000e1c00000|  0%| F|  |TAMS 0x00000000e1b00000| PB 0x00000000e1b00000| Untracked 
|  28|0x00000000e1c00000, 0x00000000e1c00000, 0x00000000e1d00000|  0%| F|  |TAMS 0x00000000e1c00000| PB 0x00000000e1c00000| Untracked 
|  29|0x00000000e1d00000, 0x00000000e1d00000, 0x00000000e1e00000|  0%| F|  |TAMS 0x00000000e1d00000| PB 0x00000000e1d00000| Untracked 
|  30|0x00000000e1e00000, 0x00000000e1e00000, 0x00000000e1f00000|  0%| F|  |TAMS 0x00000000e1e00000| PB 0x00000000e1e00000| Untracked 
|  31|0x00000000e1f00000, 0x00000000e1f00000, 0x00000000e2000000|  0%| F|  |TAMS 0x00000000e1f00000| PB 0x00000000e1f00000| Untracked 
|  32|0x00000000e2000000, 0x00000000e2000000, 0x00000000e2100000|  0%| F|  |TAMS 0x00000000e2000000| PB 0x00000000e2000000| Untracked 
|  33|0x00000000e2100000, 0x00000000e2100000, 0x00000000e2200000|  0%| F|  |TAMS 0x00000000e2100000| PB 0x00000000e2100000| Untracked 
|  34|0x00000000e2200000, 0x00000000e2200000, 0x00000000e2300000|  0%| F|  |TAMS 0x00000000e2200000| PB 0x00000000e2200000| Untracked 
|  35|0x00000000e2300000, 0x00000000e2300000, 0x00000000e2400000|  0%| F|  |TAMS 0x00000000e2300000| PB 0x00000000e2300000| Untracked 
|  36|0x00000000e2400000, 0x00000000e2400000, 0x00000000e2500000|  0%| F|  |TAMS 0x00000000e2400000| PB 0x00000000e2400000| Untracked 
|  37|0x00000000e2500000, 0x00000000e2500000, 0x00000000e2600000|  0%| F|  |TAMS 0x00000000e2500000| PB 0x00000000e2500000| Untracked 
|  38|0x00000000e2600000, 0x00000000e2600000, 0x00000000e2700000|  0%| F|  |TAMS 0x00000000e2600000| PB 0x00000000e2600000| Untracked 
|  39|0x00000000e2700000, 0x00000000e2700000, 0x00000000e2800000|  0%| F|  |TAMS 0x00000000e2700000| PB 0x00000000e2700000| Untracked 
|  40|0x00000000e2800000, 0x00000000e2800000, 0x00000000e2900000|  0%| F|  |TAMS 0x00000000e2800000| PB 0x00000000e2800000| Untracked 
|  41|0x00000000e2900000, 0x00000000e2900000, 0x00000000e2a00000|  0%| F|  |TAMS 0x00000000e2900000| PB 0x00000000e2900000| Untracked 
|  42|0x00000000e2a00000, 0x00000000e2a00000, 0x00000000e2b00000|  0%| F|  |TAMS 0x00000000e2a00000| PB 0x00000000e2a00000| Untracked 
|  43|0x00000000e2b00000, 0x00000000e2b00000, 0x00000000e2c00000|  0%| F|  |TAMS 0x00000000e2b00000| PB 0x00000000e2b00000| Untracked 
|  44|0x00000000e2c00000, 0x00000000e2c00000, 0x00000000e2d00000|  0%| F|  |TAMS 0x00000000e2c00000| PB 0x00000000e2c00000| Untracked 
|  45|0x00000000e2d00000, 0x00000000e2d00000, 0x00000000e2e00000|  0%| F|  |TAMS 0x00000000e2d00000| PB 0x00000000e2d00000| Untracked 
|  46|0x00000000e2e00000, 0x00000000e2e00000, 0x00000000e2f00000|  0%| F|  |TAMS 0x00000000e2e00000| PB 0x00000000e2e00000| Untracked 
|  47|0x00000000e2f00000, 0x00000000e2f00000, 0x00000000e3000000|  0%| F|  |TAMS 0x00000000e2f00000| PB 0x00000000e2f00000| Untracked 
|  48|0x00000000e3000000, 0x00000000e3000000, 0x00000000e3100000|  0%| F|  |TAMS 0x00000000e3000000| PB 0x00000000e3000000| Untracked 
|  49|0x00000000e3100000, 0x00000000e3100000, 0x00000000e3200000|  0%| F|  |TAMS 0x00000000e3100000| PB 0x00000000e3100000| Untracked 
|  50|0x00000000e3200000, 0x00000000e3200000, 0x00000000e3300000|  0%| F|  |TAMS 0x00000000e3200000| PB 0x00000000e3200000| Untracked 
|  51|0x00000000e3300000, 0x00000000e3300000, 0x00000000e3400000|  0%| F|  |TAMS 0x00000000e3300000| PB 0x00000000e3300000| Untracked 
|  52|0x00000000e3400000, 0x00000000e3400000, 0x00000000e3500000|  0%| F|  |TAMS 0x00000000e3400000| PB 0x00000000e3400000| Untracked 
|  53|0x00000000e3500000, 0x00000000e3500000, 0x00000000e3600000|  0%| F|  |TAMS 0x00000000e3500000| PB 0x00000000e3500000| Untracked 
|  54|0x00000000e3600000, 0x00000000e3600000, 0x00000000e3700000|  0%| F|  |TAMS 0x00000000e3600000| PB 0x00000000e3600000| Untracked 
|  55|0x00000000e3700000, 0x00000000e3700000, 0x00000000e3800000|  0%| F|  |TAMS 0x00000000e3700000| PB 0x00000000e3700000| Untracked 
|  56|0x00000000e3800000, 0x00000000e3800000, 0x00000000e3900000|  0%| F|  |TAMS 0x00000000e3800000| PB 0x00000000e3800000| Untracked 
|  57|0x00000000e3900000, 0x00000000e3900000, 0x00000000e3a00000|  0%| F|  |TAMS 0x00000000e3900000| PB 0x00000000e3900000| Untracked 
|  58|0x00000000e3a00000, 0x00000000e3a00000, 0x00000000e3b00000|  0%| F|  |TAMS 0x00000000e3a00000| PB 0x00000000e3a00000| Untracked 
|  59|0x00000000e3b00000, 0x00000000e3b00000, 0x00000000e3c00000|  0%| F|  |TAMS 0x00000000e3b00000| PB 0x00000000e3b00000| Untracked 
|  60|0x00000000e3c00000, 0x00000000e3c00000, 0x00000000e3d00000|  0%| F|  |TAMS 0x00000000e3c00000| PB 0x00000000e3c00000| Untracked 
|  61|0x00000000e3d00000, 0x00000000e3d00000, 0x00000000e3e00000|  0%| F|  |TAMS 0x00000000e3d00000| PB 0x00000000e3d00000| Untracked 
|  62|0x00000000e3e00000, 0x00000000e3e00000, 0x00000000e3f00000|  0%| F|  |TAMS 0x00000000e3e00000| PB 0x00000000e3e00000| Untracked 
|  63|0x00000000e3f00000, 0x00000000e3f00000, 0x00000000e4000000|  0%| F|  |TAMS 0x00000000e3f00000| PB 0x00000000e3f00000| Untracked 
|  64|0x00000000e4000000, 0x00000000e4000000, 0x00000000e4100000|  0%| F|  |TAMS 0x00000000e4000000| PB 0x00000000e4000000| Untracked 
|  65|0x00000000e4100000, 0x00000000e4100000, 0x00000000e4200000|  0%| F|  |TAMS 0x00000000e4100000| PB 0x00000000e4100000| Untracked 
|  66|0x00000000e4200000, 0x00000000e4200000, 0x00000000e4300000|  0%| F|  |TAMS 0x00000000e4200000| PB 0x00000000e4200000| Untracked 
|  67|0x00000000e4300000, 0x00000000e4300000, 0x00000000e4400000|  0%| F|  |TAMS 0x00000000e4300000| PB 0x00000000e4300000| Untracked 
|  68|0x00000000e4400000, 0x00000000e4400000, 0x00000000e4500000|  0%| F|  |TAMS 0x00000000e4400000| PB 0x00000000e4400000| Untracked 
|  69|0x00000000e4500000, 0x00000000e4500000, 0x00000000e4600000|  0%| F|  |TAMS 0x00000000e4500000| PB 0x00000000e4500000| Untracked 
|  70|0x00000000e4600000, 0x00000000e4600000, 0x00000000e4700000|  0%| F|  |TAMS 0x00000000e4600000| PB 0x00000000e4600000| Untracked 
|  71|0x00000000e4700000, 0x00000000e4700000, 0x00000000e4800000|  0%| F|  |TAMS 0x00000000e4700000| PB 0x00000000e4700000| Untracked 
|  72|0x00000000e4800000, 0x00000000e4800000, 0x00000000e4900000|  0%| F|  |TAMS 0x00000000e4800000| PB 0x00000000e4800000| Untracked 
|  73|0x00000000e4900000, 0x00000000e4900000, 0x00000000e4a00000|  0%| F|  |TAMS 0x00000000e4900000| PB 0x00000000e4900000| Untracked 
|  74|0x00000000e4a00000, 0x00000000e4a00000, 0x00000000e4b00000|  0%| F|  |TAMS 0x00000000e4a00000| PB 0x00000000e4a00000| Untracked 
|  75|0x00000000e4b00000, 0x00000000e4b00000, 0x00000000e4c00000|  0%| F|  |TAMS 0x00000000e4b00000| PB 0x00000000e4b00000| Untracked 
|  76|0x00000000e4c00000, 0x00000000e4c00000, 0x00000000e4d00000|  0%| F|  |TAMS 0x00000000e4c00000| PB 0x00000000e4c00000| Untracked 
|  77|0x00000000e4d00000, 0x00000000e4d00000, 0x00000000e4e00000|  0%| F|  |TAMS 0x00000000e4d00000| PB 0x00000000e4d00000| Untracked 
|  78|0x00000000e4e00000, 0x00000000e4e00000, 0x00000000e4f00000|  0%| F|  |TAMS 0x00000000e4e00000| PB 0x00000000e4e00000| Untracked 
|  79|0x00000000e4f00000, 0x00000000e4f00000, 0x00000000e5000000|  0%| F|  |TAMS 0x00000000e4f00000| PB 0x00000000e4f00000| Untracked 
|  80|0x00000000e5000000, 0x00000000e5000000, 0x00000000e5100000|  0%| F|  |TAMS 0x00000000e5000000| PB 0x00000000e5000000| Untracked 
|  81|0x00000000e5100000, 0x00000000e5100000, 0x00000000e5200000|  0%| F|  |TAMS 0x00000000e5100000| PB 0x00000000e5100000| Untracked 
|  82|0x00000000e5200000, 0x00000000e5200000, 0x00000000e5300000|  0%| F|  |TAMS 0x00000000e5200000| PB 0x00000000e5200000| Untracked 
|  83|0x00000000e5300000, 0x00000000e5300000, 0x00000000e5400000|  0%| F|  |TAMS 0x00000000e5300000| PB 0x00000000e5300000| Untracked 
|  84|0x00000000e5400000, 0x00000000e5400000, 0x00000000e5500000|  0%| F|  |TAMS 0x00000000e5400000| PB 0x00000000e5400000| Untracked 
|  85|0x00000000e5500000, 0x00000000e5500000, 0x00000000e5600000|  0%| F|  |TAMS 0x00000000e5500000| PB 0x00000000e5500000| Untracked 
|  86|0x00000000e5600000, 0x00000000e5600000, 0x00000000e5700000|  0%| F|  |TAMS 0x00000000e5600000| PB 0x00000000e5600000| Untracked 
|  87|0x00000000e5700000, 0x00000000e5700000, 0x00000000e5800000|  0%| F|  |TAMS 0x00000000e5700000| PB 0x00000000e5700000| Untracked 
|  88|0x00000000e5800000, 0x00000000e5800000, 0x00000000e5900000|  0%| F|  |TAMS 0x00000000e5800000| PB 0x00000000e5800000| Untracked 
|  89|0x00000000e5900000, 0x00000000e5900000, 0x00000000e5a00000|  0%| F|  |TAMS 0x00000000e5900000| PB 0x00000000e5900000| Untracked 
|  90|0x00000000e5a00000, 0x00000000e5a00000, 0x00000000e5b00000|  0%| F|  |TAMS 0x00000000e5a00000| PB 0x00000000e5a00000| Untracked 
|  91|0x00000000e5b00000, 0x00000000e5b00000, 0x00000000e5c00000|  0%| F|  |TAMS 0x00000000e5b00000| PB 0x00000000e5b00000| Untracked 
|  92|0x00000000e5c00000, 0x00000000e5c00000, 0x00000000e5d00000|  0%| F|  |TAMS 0x00000000e5c00000| PB 0x00000000e5c00000| Untracked 
|  93|0x00000000e5d00000, 0x00000000e5d00000, 0x00000000e5e00000|  0%| F|  |TAMS 0x00000000e5d00000| PB 0x00000000e5d00000| Untracked 
|  94|0x00000000e5e00000, 0x00000000e5e00000, 0x00000000e5f00000|  0%| F|  |TAMS 0x00000000e5e00000| PB 0x00000000e5e00000| Untracked 
|  95|0x00000000e5f00000, 0x00000000e5f00000, 0x00000000e6000000|  0%| F|  |TAMS 0x00000000e5f00000| PB 0x00000000e5f00000| Untracked 
|  96|0x00000000e6000000, 0x00000000e6000000, 0x00000000e6100000|  0%| F|  |TAMS 0x00000000e6000000| PB 0x00000000e6000000| Untracked 
|  97|0x00000000e6100000, 0x00000000e6100000, 0x00000000e6200000|  0%| F|  |TAMS 0x00000000e6100000| PB 0x00000000e6100000| Untracked 
|  98|0x00000000e6200000, 0x00000000e6200000, 0x00000000e6300000|  0%| F|  |TAMS 0x00000000e6200000| PB 0x00000000e6200000| Untracked 
|  99|0x00000000e6300000, 0x00000000e6300000, 0x00000000e6400000|  0%| F|  |TAMS 0x00000000e6300000| PB 0x00000000e6300000| Untracked 
| 100|0x00000000e6400000, 0x00000000e6400000, 0x00000000e6500000|  0%| F|  |TAMS 0x00000000e6400000| PB 0x00000000e6400000| Untracked 
| 101|0x00000000e6500000, 0x00000000e6500000, 0x00000000e6600000|  0%| F|  |TAMS 0x00000000e6500000| PB 0x00000000e6500000| Untracked 
| 102|0x00000000e6600000, 0x00000000e6600000, 0x00000000e6700000|  0%| F|  |TAMS 0x00000000e6600000| PB 0x00000000e6600000| Untracked 
| 103|0x00000000e6700000, 0x00000000e6700000, 0x00000000e6800000|  0%| F|  |TAMS 0x00000000e6700000| PB 0x00000000e6700000| Untracked 
| 104|0x00000000e6800000, 0x00000000e6800000, 0x00000000e6900000|  0%| F|  |TAMS 0x00000000e6800000| PB 0x00000000e6800000| Untracked 
| 105|0x00000000e6900000, 0x00000000e6900000, 0x00000000e6a00000|  0%| F|  |TAMS 0x00000000e6900000| PB 0x00000000e6900000| Untracked 
| 106|0x00000000e6a00000, 0x00000000e6a00000, 0x00000000e6b00000|  0%| F|  |TAMS 0x00000000e6a00000| PB 0x00000000e6a00000| Untracked 
| 107|0x00000000e6b00000, 0x00000000e6b00000, 0x00000000e6c00000|  0%| F|  |TAMS 0x00000000e6b00000| PB 0x00000000e6b00000| Untracked 
| 108|0x00000000e6c00000, 0x00000000e6c00000, 0x00000000e6d00000|  0%| F|  |TAMS 0x00000000e6c00000| PB 0x00000000e6c00000| Untracked 
| 109|0x00000000e6d00000, 0x00000000e6d00000, 0x00000000e6e00000|  0%| F|  |TAMS 0x00000000e6d00000| PB 0x00000000e6d00000| Untracked 
| 110|0x00000000e6e00000, 0x00000000e6e00000, 0x00000000e6f00000|  0%| F|  |TAMS 0x00000000e6e00000| PB 0x00000000e6e00000| Untracked 
| 111|0x00000000e6f00000, 0x00000000e6f00000, 0x00000000e7000000|  0%| F|  |TAMS 0x00000000e6f00000| PB 0x00000000e6f00000| Untracked 
| 112|0x00000000e7000000, 0x00000000e7000000, 0x00000000e7100000|  0%| F|  |TAMS 0x00000000e7000000| PB 0x00000000e7000000| Untracked 
| 113|0x00000000e7100000, 0x00000000e7100000, 0x00000000e7200000|  0%| F|  |TAMS 0x00000000e7100000| PB 0x00000000e7100000| Untracked 
| 114|0x00000000e7200000, 0x00000000e7200000, 0x00000000e7300000|  0%| F|  |TAMS 0x00000000e7200000| PB 0x00000000e7200000| Untracked 
| 115|0x00000000e7300000, 0x00000000e7300000, 0x00000000e7400000|  0%| F|  |TAMS 0x00000000e7300000| PB 0x00000000e7300000| Untracked 
| 116|0x00000000e7400000, 0x00000000e7400000, 0x00000000e7500000|  0%| F|  |TAMS 0x00000000e7400000| PB 0x00000000e7400000| Untracked 
| 117|0x00000000e7500000, 0x00000000e7500000, 0x00000000e7600000|  0%| F|  |TAMS 0x00000000e7500000| PB 0x00000000e7500000| Untracked 
| 118|0x00000000e7600000, 0x00000000e7600000, 0x00000000e7700000|  0%| F|  |TAMS 0x00000000e7600000| PB 0x00000000e7600000| Untracked 
| 119|0x00000000e7700000, 0x00000000e7700000, 0x00000000e7800000|  0%| F|  |TAMS 0x00000000e7700000| PB 0x00000000e7700000| Untracked 
| 120|0x00000000e7800000, 0x00000000e7800000, 0x00000000e7900000|  0%| F|  |TAMS 0x00000000e7800000| PB 0x00000000e7800000| Untracked 
| 121|0x00000000e7900000, 0x00000000e7900000, 0x00000000e7a00000|  0%| F|  |TAMS 0x00000000e7900000| PB 0x00000000e7900000| Untracked 
| 122|0x00000000e7a00000, 0x00000000e7a00000, 0x00000000e7b00000|  0%| F|  |TAMS 0x00000000e7a00000| PB 0x00000000e7a00000| Untracked 
| 123|0x00000000e7b00000, 0x00000000e7b00000, 0x00000000e7c00000|  0%| F|  |TAMS 0x00000000e7b00000| PB 0x00000000e7b00000| Untracked 
| 124|0x00000000e7c00000, 0x00000000e7c00000, 0x00000000e7d00000|  0%| F|  |TAMS 0x00000000e7c00000| PB 0x00000000e7c00000| Untracked 
| 125|0x00000000e7d00000, 0x00000000e7d00000, 0x00000000e7e00000|  0%| F|  |TAMS 0x00000000e7d00000| PB 0x00000000e7d00000| Untracked 
| 126|0x00000000e7e00000, 0x00000000e7e00000, 0x00000000e7f00000|  0%| F|  |TAMS 0x00000000e7e00000| PB 0x00000000e7e00000| Untracked 
| 127|0x00000000e7f00000, 0x00000000e7f00000, 0x00000000e8000000|  0%| F|  |TAMS 0x00000000e7f00000| PB 0x00000000e7f00000| Untracked 
| 128|0x00000000e8000000, 0x00000000e8000000, 0x00000000e8100000|  0%| F|  |TAMS 0x00000000e8000000| PB 0x00000000e8000000| Untracked 
| 129|0x00000000e8100000, 0x00000000e8100000, 0x00000000e8200000|  0%| F|  |TAMS 0x00000000e8100000| PB 0x00000000e8100000| Untracked 
| 130|0x00000000e8200000, 0x00000000e8200000, 0x00000000e8300000|  0%| F|  |TAMS 0x00000000e8200000| PB 0x00000000e8200000| Untracked 
| 131|0x00000000e8300000, 0x00000000e8300000, 0x00000000e8400000|  0%| F|  |TAMS 0x00000000e8300000| PB 0x00000000e8300000| Untracked 
| 132|0x00000000e8400000, 0x00000000e8400000, 0x00000000e8500000|  0%| F|  |TAMS 0x00000000e8400000| PB 0x00000000e8400000| Untracked 
| 133|0x00000000e8500000, 0x00000000e8500000, 0x00000000e8600000|  0%| F|  |TAMS 0x00000000e8500000| PB 0x00000000e8500000| Untracked 
| 134|0x00000000e8600000, 0x00000000e8600000, 0x00000000e8700000|  0%| F|  |TAMS 0x00000000e8600000| PB 0x00000000e8600000| Untracked 
| 135|0x00000000e8700000, 0x00000000e8700000, 0x00000000e8800000|  0%| F|  |TAMS 0x00000000e8700000| PB 0x00000000e8700000| Untracked 
| 136|0x00000000e8800000, 0x00000000e8800000, 0x00000000e8900000|  0%| F|  |TAMS 0x00000000e8800000| PB 0x00000000e8800000| Untracked 
| 137|0x00000000e8900000, 0x00000000e8900000, 0x00000000e8a00000|  0%| F|  |TAMS 0x00000000e8900000| PB 0x00000000e8900000| Untracked 
| 138|0x00000000e8a00000, 0x00000000e8a00000, 0x00000000e8b00000|  0%| F|  |TAMS 0x00000000e8a00000| PB 0x00000000e8a00000| Untracked 
| 139|0x00000000e8b00000, 0x00000000e8b00000, 0x00000000e8c00000|  0%| F|  |TAMS 0x00000000e8b00000| PB 0x00000000e8b00000| Untracked 
| 140|0x00000000e8c00000, 0x00000000e8c00000, 0x00000000e8d00000|  0%| F|  |TAMS 0x00000000e8c00000| PB 0x00000000e8c00000| Untracked 
| 141|0x00000000e8d00000, 0x00000000e8d00000, 0x00000000e8e00000|  0%| F|  |TAMS 0x00000000e8d00000| PB 0x00000000e8d00000| Untracked 
| 142|0x00000000e8e00000, 0x00000000e8e00000, 0x00000000e8f00000|  0%| F|  |TAMS 0x00000000e8e00000| PB 0x00000000e8e00000| Untracked 
| 143|0x00000000e8f00000, 0x00000000e8f00000, 0x00000000e9000000|  0%| F|  |TAMS 0x00000000e8f00000| PB 0x00000000e8f00000| Untracked 
| 144|0x00000000e9000000, 0x00000000e9000000, 0x00000000e9100000|  0%| F|  |TAMS 0x00000000e9000000| PB 0x00000000e9000000| Untracked 
| 145|0x00000000e9100000, 0x00000000e9100000, 0x00000000e9200000|  0%| F|  |TAMS 0x00000000e9100000| PB 0x00000000e9100000| Untracked 
| 146|0x00000000e9200000, 0x00000000e9200000, 0x00000000e9300000|  0%| F|  |TAMS 0x00000000e9200000| PB 0x00000000e9200000| Untracked 
| 147|0x00000000e9300000, 0x00000000e9300000, 0x00000000e9400000|  0%| F|  |TAMS 0x00000000e9300000| PB 0x00000000e9300000| Untracked 
| 148|0x00000000e9400000, 0x00000000e9400000, 0x00000000e9500000|  0%| F|  |TAMS 0x00000000e9400000| PB 0x00000000e9400000| Untracked 
| 149|0x00000000e9500000, 0x00000000e9500000, 0x00000000e9600000|  0%| F|  |TAMS 0x00000000e9500000| PB 0x00000000e9500000| Untracked 
| 150|0x00000000e9600000, 0x00000000e9600000, 0x00000000e9700000|  0%| F|  |TAMS 0x00000000e9600000| PB 0x00000000e9600000| Untracked 
| 151|0x00000000e9700000, 0x00000000e9700000, 0x00000000e9800000|  0%| F|  |TAMS 0x00000000e9700000| PB 0x00000000e9700000| Untracked 
| 152|0x00000000e9800000, 0x00000000e982e430, 0x00000000e9900000| 18%| S|CS|TAMS 0x00000000e9800000| PB 0x00000000e9800000| Complete 
| 153|0x00000000e9900000, 0x00000000e9a00000, 0x00000000e9a00000|100%| S|CS|TAMS 0x00000000e9900000| PB 0x00000000e9900000| Complete 
| 154|0x00000000e9a00000, 0x00000000e9b00000, 0x00000000e9b00000|100%| S|CS|TAMS 0x00000000e9a00000| PB 0x00000000e9a00000| Complete 
| 155|0x00000000e9b00000, 0x00000000e9c00000, 0x00000000e9c00000|100%| S|CS|TAMS 0x00000000e9b00000| PB 0x00000000e9b00000| Complete 
| 156|0x00000000e9c00000, 0x00000000e9d00000, 0x00000000e9d00000|100%| S|CS|TAMS 0x00000000e9c00000| PB 0x00000000e9c00000| Complete 
| 157|0x00000000e9d00000, 0x00000000e9e00000, 0x00000000e9e00000|100%| S|CS|TAMS 0x00000000e9d00000| PB 0x00000000e9d00000| Complete 
| 158|0x00000000e9e00000, 0x00000000e9f00000, 0x00000000e9f00000|100%| S|CS|TAMS 0x00000000e9e00000| PB 0x00000000e9e00000| Complete 
| 159|0x00000000e9f00000, 0x00000000ea000000, 0x00000000ea000000|100%| S|CS|TAMS 0x00000000e9f00000| PB 0x00000000e9f00000| Complete 
| 160|0x00000000ea000000, 0x00000000ea100000, 0x00000000ea100000|100%| S|CS|TAMS 0x00000000ea000000| PB 0x00000000ea000000| Complete 
| 161|0x00000000ea100000, 0x00000000ea200000, 0x00000000ea200000|100%| S|CS|TAMS 0x00000000ea100000| PB 0x00000000ea100000| Complete 
| 162|0x00000000ea200000, 0x00000000ea300000, 0x00000000ea300000|100%| S|CS|TAMS 0x00000000ea200000| PB 0x00000000ea200000| Complete 
| 163|0x00000000ea300000, 0x00000000ea400000, 0x00000000ea400000|100%| S|CS|TAMS 0x00000000ea300000| PB 0x00000000ea300000| Complete 
| 164|0x00000000ea400000, 0x00000000ea500000, 0x00000000ea500000|100%| S|CS|TAMS 0x00000000ea400000| PB 0x00000000ea400000| Complete 
| 165|0x00000000ea500000, 0x00000000ea600000, 0x00000000ea600000|100%| S|CS|TAMS 0x00000000ea500000| PB 0x00000000ea500000| Complete 
| 166|0x00000000ea600000, 0x00000000ea600000, 0x00000000ea700000|  0%| F|  |TAMS 0x00000000ea600000| PB 0x00000000ea600000| Untracked 
| 167|0x00000000ea700000, 0x00000000ea700000, 0x00000000ea800000|  0%| F|  |TAMS 0x00000000ea700000| PB 0x00000000ea700000| Untracked 
| 168|0x00000000ea800000, 0x00000000ea800000, 0x00000000ea900000|  0%| F|  |TAMS 0x00000000ea800000| PB 0x00000000ea800000| Untracked 
| 169|0x00000000ea900000, 0x00000000ea900000, 0x00000000eaa00000|  0%| F|  |TAMS 0x00000000ea900000| PB 0x00000000ea900000| Untracked 
| 170|0x00000000eaa00000, 0x00000000eaa00000, 0x00000000eab00000|  0%| F|  |TAMS 0x00000000eaa00000| PB 0x00000000eaa00000| Untracked 
| 171|0x00000000eab00000, 0x00000000eab00000, 0x00000000eac00000|  0%| F|  |TAMS 0x00000000eab00000| PB 0x00000000eab00000| Untracked 
| 172|0x00000000eac00000, 0x00000000eac00000, 0x00000000ead00000|  0%| F|  |TAMS 0x00000000eac00000| PB 0x00000000eac00000| Untracked 
| 173|0x00000000ead00000, 0x00000000ead00000, 0x00000000eae00000|  0%| F|  |TAMS 0x00000000ead00000| PB 0x00000000ead00000| Untracked 
| 174|0x00000000eae00000, 0x00000000eae00000, 0x00000000eaf00000|  0%| F|  |TAMS 0x00000000eae00000| PB 0x00000000eae00000| Untracked 
| 175|0x00000000eaf00000, 0x00000000eaf00000, 0x00000000eb000000|  0%| F|  |TAMS 0x00000000eaf00000| PB 0x00000000eaf00000| Untracked 
| 176|0x00000000eb000000, 0x00000000eb000000, 0x00000000eb100000|  0%| F|  |TAMS 0x00000000eb000000| PB 0x00000000eb000000| Untracked 
| 177|0x00000000eb100000, 0x00000000eb100000, 0x00000000eb200000|  0%| F|  |TAMS 0x00000000eb100000| PB 0x00000000eb100000| Untracked 
| 178|0x00000000eb200000, 0x00000000eb200000, 0x00000000eb300000|  0%| F|  |TAMS 0x00000000eb200000| PB 0x00000000eb200000| Untracked 
| 179|0x00000000eb300000, 0x00000000eb300000, 0x00000000eb400000|  0%| F|  |TAMS 0x00000000eb300000| PB 0x00000000eb300000| Untracked 
| 180|0x00000000eb400000, 0x00000000eb400000, 0x00000000eb500000|  0%| F|  |TAMS 0x00000000eb400000| PB 0x00000000eb400000| Untracked 
| 181|0x00000000eb500000, 0x00000000eb500000, 0x00000000eb600000|  0%| F|  |TAMS 0x00000000eb500000| PB 0x00000000eb500000| Untracked 
| 182|0x00000000eb600000, 0x00000000eb600000, 0x00000000eb700000|  0%| F|  |TAMS 0x00000000eb600000| PB 0x00000000eb600000| Untracked 
| 183|0x00000000eb700000, 0x00000000eb700000, 0x00000000eb800000|  0%| F|  |TAMS 0x00000000eb700000| PB 0x00000000eb700000| Untracked 
| 184|0x00000000eb800000, 0x00000000eb800000, 0x00000000eb900000|  0%| F|  |TAMS 0x00000000eb800000| PB 0x00000000eb800000| Untracked 
| 185|0x00000000eb900000, 0x00000000eb900000, 0x00000000eba00000|  0%| F|  |TAMS 0x00000000eb900000| PB 0x00000000eb900000| Untracked 
| 186|0x00000000eba00000, 0x00000000eba00000, 0x00000000ebb00000|  0%| F|  |TAMS 0x00000000eba00000| PB 0x00000000eba00000| Untracked 
| 187|0x00000000ebb00000, 0x00000000ebb00000, 0x00000000ebc00000|  0%| F|  |TAMS 0x00000000ebb00000| PB 0x00000000ebb00000| Untracked 
| 188|0x00000000ebc00000, 0x00000000ebc00000, 0x00000000ebd00000|  0%| F|  |TAMS 0x00000000ebc00000| PB 0x00000000ebc00000| Untracked 
| 189|0x00000000ebd00000, 0x00000000ebd00000, 0x00000000ebe00000|  0%| F|  |TAMS 0x00000000ebd00000| PB 0x00000000ebd00000| Untracked 
| 190|0x00000000ebe00000, 0x00000000ebe00000, 0x00000000ebf00000|  0%| F|  |TAMS 0x00000000ebe00000| PB 0x00000000ebe00000| Untracked 
| 191|0x00000000ebf00000, 0x00000000ebf00000, 0x00000000ec000000|  0%| F|  |TAMS 0x00000000ebf00000| PB 0x00000000ebf00000| Untracked 
| 192|0x00000000ec000000, 0x00000000ec000000, 0x00000000ec100000|  0%| F|  |TAMS 0x00000000ec000000| PB 0x00000000ec000000| Untracked 
| 193|0x00000000ec100000, 0x00000000ec100000, 0x00000000ec200000|  0%| F|  |TAMS 0x00000000ec100000| PB 0x00000000ec100000| Untracked 
| 194|0x00000000ec200000, 0x00000000ec200000, 0x00000000ec300000|  0%| F|  |TAMS 0x00000000ec200000| PB 0x00000000ec200000| Untracked 
| 195|0x00000000ec300000, 0x00000000ec300000, 0x00000000ec400000|  0%| F|  |TAMS 0x00000000ec300000| PB 0x00000000ec300000| Untracked 
| 196|0x00000000ec400000, 0x00000000ec400000, 0x00000000ec500000|  0%| F|  |TAMS 0x00000000ec400000| PB 0x00000000ec400000| Untracked 
| 197|0x00000000ec500000, 0x00000000ec500000, 0x00000000ec600000|  0%| F|  |TAMS 0x00000000ec500000| PB 0x00000000ec500000| Untracked 
| 198|0x00000000ec600000, 0x00000000ec600000, 0x00000000ec700000|  0%| F|  |TAMS 0x00000000ec600000| PB 0x00000000ec600000| Untracked 
| 199|0x00000000ec700000, 0x00000000ec700000, 0x00000000ec800000|  0%| F|  |TAMS 0x00000000ec700000| PB 0x00000000ec700000| Untracked 
| 200|0x00000000ec800000, 0x00000000ec800000, 0x00000000ec900000|  0%| F|  |TAMS 0x00000000ec800000| PB 0x00000000ec800000| Untracked 
| 201|0x00000000ec900000, 0x00000000ec900000, 0x00000000eca00000|  0%| F|  |TAMS 0x00000000ec900000| PB 0x00000000ec900000| Untracked 
| 202|0x00000000eca00000, 0x00000000eca00000, 0x00000000ecb00000|  0%| F|  |TAMS 0x00000000eca00000| PB 0x00000000eca00000| Untracked 
| 203|0x00000000ecb00000, 0x00000000ecb00000, 0x00000000ecc00000|  0%| F|  |TAMS 0x00000000ecb00000| PB 0x00000000ecb00000| Untracked 
| 204|0x00000000ecc00000, 0x00000000ecc00000, 0x00000000ecd00000|  0%| F|  |TAMS 0x00000000ecc00000| PB 0x00000000ecc00000| Untracked 
| 205|0x00000000ecd00000, 0x00000000ecd00000, 0x00000000ece00000|  0%| F|  |TAMS 0x00000000ecd00000| PB 0x00000000ecd00000| Untracked 
| 206|0x00000000ece00000, 0x00000000ece00000, 0x00000000ecf00000|  0%| F|  |TAMS 0x00000000ece00000| PB 0x00000000ece00000| Untracked 
| 207|0x00000000ecf00000, 0x00000000ecf00000, 0x00000000ed000000|  0%| F|  |TAMS 0x00000000ecf00000| PB 0x00000000ecf00000| Untracked 
| 208|0x00000000ed000000, 0x00000000ed000000, 0x00000000ed100000|  0%| F|  |TAMS 0x00000000ed000000| PB 0x00000000ed000000| Untracked 
| 209|0x00000000ed100000, 0x00000000ed100000, 0x00000000ed200000|  0%| F|  |TAMS 0x00000000ed100000| PB 0x00000000ed100000| Untracked 
| 210|0x00000000ed200000, 0x00000000ed200000, 0x00000000ed300000|  0%| F|  |TAMS 0x00000000ed200000| PB 0x00000000ed200000| Untracked 
| 211|0x00000000ed300000, 0x00000000ed300000, 0x00000000ed400000|  0%| F|  |TAMS 0x00000000ed300000| PB 0x00000000ed300000| Untracked 
| 212|0x00000000ed400000, 0x00000000ed400000, 0x00000000ed500000|  0%| F|  |TAMS 0x00000000ed400000| PB 0x00000000ed400000| Untracked 
| 213|0x00000000ed500000, 0x00000000ed500000, 0x00000000ed600000|  0%| F|  |TAMS 0x00000000ed500000| PB 0x00000000ed500000| Untracked 
| 214|0x00000000ed600000, 0x00000000ed600000, 0x00000000ed700000|  0%| F|  |TAMS 0x00000000ed600000| PB 0x00000000ed600000| Untracked 
| 215|0x00000000ed700000, 0x00000000ed700000, 0x00000000ed800000|  0%| F|  |TAMS 0x00000000ed700000| PB 0x00000000ed700000| Untracked 
| 216|0x00000000ed800000, 0x00000000ed800000, 0x00000000ed900000|  0%| F|  |TAMS 0x00000000ed800000| PB 0x00000000ed800000| Untracked 
| 217|0x00000000ed900000, 0x00000000ed900000, 0x00000000eda00000|  0%| F|  |TAMS 0x00000000ed900000| PB 0x00000000ed900000| Untracked 
| 218|0x00000000eda00000, 0x00000000eda00000, 0x00000000edb00000|  0%| F|  |TAMS 0x00000000eda00000| PB 0x00000000eda00000| Untracked 
| 219|0x00000000edb00000, 0x00000000edb00000, 0x00000000edc00000|  0%| F|  |TAMS 0x00000000edb00000| PB 0x00000000edb00000| Untracked 
| 220|0x00000000edc00000, 0x00000000edc00000, 0x00000000edd00000|  0%| F|  |TAMS 0x00000000edc00000| PB 0x00000000edc00000| Untracked 
| 221|0x00000000edd00000, 0x00000000edd00000, 0x00000000ede00000|  0%| F|  |TAMS 0x00000000edd00000| PB 0x00000000edd00000| Untracked 
| 222|0x00000000ede00000, 0x00000000ede00000, 0x00000000edf00000|  0%| F|  |TAMS 0x00000000ede00000| PB 0x00000000ede00000| Untracked 
| 223|0x00000000edf00000, 0x00000000edf00000, 0x00000000ee000000|  0%| F|  |TAMS 0x00000000edf00000| PB 0x00000000edf00000| Untracked 
| 224|0x00000000ee000000, 0x00000000ee000000, 0x00000000ee100000|  0%| F|  |TAMS 0x00000000ee000000| PB 0x00000000ee000000| Untracked 
| 225|0x00000000ee100000, 0x00000000ee100000, 0x00000000ee200000|  0%| F|  |TAMS 0x00000000ee100000| PB 0x00000000ee100000| Untracked 
| 226|0x00000000ee200000, 0x00000000ee200000, 0x00000000ee300000|  0%| F|  |TAMS 0x00000000ee200000| PB 0x00000000ee200000| Untracked 
| 227|0x00000000ee300000, 0x00000000ee300000, 0x00000000ee400000|  0%| F|  |TAMS 0x00000000ee300000| PB 0x00000000ee300000| Untracked 
| 228|0x00000000ee400000, 0x00000000ee400000, 0x00000000ee500000|  0%| F|  |TAMS 0x00000000ee400000| PB 0x00000000ee400000| Untracked 
| 229|0x00000000ee500000, 0x00000000ee500000, 0x00000000ee600000|  0%| F|  |TAMS 0x00000000ee500000| PB 0x00000000ee500000| Untracked 
| 230|0x00000000ee600000, 0x00000000ee600000, 0x00000000ee700000|  0%| F|  |TAMS 0x00000000ee600000| PB 0x00000000ee600000| Untracked 
| 231|0x00000000ee700000, 0x00000000ee700000, 0x00000000ee800000|  0%| F|  |TAMS 0x00000000ee700000| PB 0x00000000ee700000| Untracked 
| 232|0x00000000ee800000, 0x00000000ee800000, 0x00000000ee900000|  0%| F|  |TAMS 0x00000000ee800000| PB 0x00000000ee800000| Untracked 
| 233|0x00000000ee900000, 0x00000000ee900000, 0x00000000eea00000|  0%| F|  |TAMS 0x00000000ee900000| PB 0x00000000ee900000| Untracked 
| 234|0x00000000eea00000, 0x00000000eea00000, 0x00000000eeb00000|  0%| F|  |TAMS 0x00000000eea00000| PB 0x00000000eea00000| Untracked 
| 235|0x00000000eeb00000, 0x00000000eeb00000, 0x00000000eec00000|  0%| F|  |TAMS 0x00000000eeb00000| PB 0x00000000eeb00000| Untracked 
| 236|0x00000000eec00000, 0x00000000eec00000, 0x00000000eed00000|  0%| F|  |TAMS 0x00000000eec00000| PB 0x00000000eec00000| Untracked 
| 237|0x00000000eed00000, 0x00000000eed00000, 0x00000000eee00000|  0%| F|  |TAMS 0x00000000eed00000| PB 0x00000000eed00000| Untracked 
| 238|0x00000000eee00000, 0x00000000eee00000, 0x00000000eef00000|  0%| F|  |TAMS 0x00000000eee00000| PB 0x00000000eee00000| Untracked 
| 239|0x00000000eef00000, 0x00000000eef00000, 0x00000000ef000000|  0%| F|  |TAMS 0x00000000eef00000| PB 0x00000000eef00000| Untracked 
| 240|0x00000000ef000000, 0x00000000ef000000, 0x00000000ef100000|  0%| F|  |TAMS 0x00000000ef000000| PB 0x00000000ef000000| Untracked 
| 241|0x00000000ef100000, 0x00000000ef100000, 0x00000000ef200000|  0%| F|  |TAMS 0x00000000ef100000| PB 0x00000000ef100000| Untracked 
| 242|0x00000000ef200000, 0x00000000ef200000, 0x00000000ef300000|  0%| F|  |TAMS 0x00000000ef200000| PB 0x00000000ef200000| Untracked 
| 243|0x00000000ef300000, 0x00000000ef300000, 0x00000000ef400000|  0%| F|  |TAMS 0x00000000ef300000| PB 0x00000000ef300000| Untracked 
| 244|0x00000000ef400000, 0x00000000ef400000, 0x00000000ef500000|  0%| F|  |TAMS 0x00000000ef400000| PB 0x00000000ef400000| Untracked 
| 245|0x00000000ef500000, 0x00000000ef500000, 0x00000000ef600000|  0%| F|  |TAMS 0x00000000ef500000| PB 0x00000000ef500000| Untracked 
| 246|0x00000000ef600000, 0x00000000ef600000, 0x00000000ef700000|  0%| F|  |TAMS 0x00000000ef600000| PB 0x00000000ef600000| Untracked 
| 247|0x00000000ef700000, 0x00000000ef700000, 0x00000000ef800000|  0%| F|  |TAMS 0x00000000ef700000| PB 0x00000000ef700000| Untracked 
| 248|0x00000000ef800000, 0x00000000ef800000, 0x00000000ef900000|  0%| F|  |TAMS 0x00000000ef800000| PB 0x00000000ef800000| Untracked 
| 249|0x00000000ef900000, 0x00000000ef900000, 0x00000000efa00000|  0%| F|  |TAMS 0x00000000ef900000| PB 0x00000000ef900000| Untracked 
| 250|0x00000000efa00000, 0x00000000efa00000, 0x00000000efb00000|  0%| F|  |TAMS 0x00000000efa00000| PB 0x00000000efa00000| Untracked 
| 251|0x00000000efb00000, 0x00000000efb00000, 0x00000000efc00000|  0%| F|  |TAMS 0x00000000efb00000| PB 0x00000000efb00000| Untracked 
| 252|0x00000000efc00000, 0x00000000efc00000, 0x00000000efd00000|  0%| F|  |TAMS 0x00000000efc00000| PB 0x00000000efc00000| Untracked 
| 253|0x00000000efd00000, 0x00000000efd81c10, 0x00000000efe00000| 50%| E|  |TAMS 0x00000000efd00000| PB 0x00000000efd00000| Complete 
| 254|0x00000000efe00000, 0x00000000eff00000, 0x00000000eff00000|100%| E|CS|TAMS 0x00000000efe00000| PB 0x00000000efe00000| Complete 
| 255|0x00000000eff00000, 0x00000000f0000000, 0x00000000f0000000|100%| E|CS|TAMS 0x00000000eff00000| PB 0x00000000eff00000| Complete 

Card table byte_map: [0x00000220fb0f0000,0x00000220fb1f0000] _byte_map_base: 0x00000220fa9f0000

Marking Bits: (CMBitMap*) 0x00000220f28687b0
 Bits: [0x00000220fb1f0000, 0x00000220fb9f0000)

Polling page: 0x00000220f1f30000

Metaspace:

Usage:
  Non-class:     17.52 MB used.
      Class:      2.94 MB used.
       Both:     20.46 MB used.

Virtual space:
  Non-class space:       64.00 MB reserved,      17.88 MB ( 28%) committed,  1 nodes.
      Class space:      320.00 MB reserved,       3.25 MB (  1%) committed,  1 nodes.
             Both:      384.00 MB reserved,      21.12 MB (  6%) committed. 

Chunk freelists:
   Non-Class:  14.00 MB
       Class:  12.78 MB
        Both:  26.78 MB

MaxMetaspaceSize: 384.00 MB
CompressedClassSpaceSize: 320.00 MB
Initial GC threshold: 21.00 MB
Current GC threshold: 35.12 MB
CDS: on
 - commit_granule_bytes: 65536.
 - commit_granule_words: 8192.
 - virtual_space_node_default_size: 8388608.
 - enlarge_chunks_in_place: 1.
 - use_allocation_guard: 0.


Internal statistics:

num_allocs_failed_limit: 3.
num_arena_births: 982.
num_arena_deaths: 0.
num_vsnodes_births: 2.
num_vsnodes_deaths: 0.
num_space_committed: 338.
num_space_uncommitted: 0.
num_chunks_returned_to_freelist: 3.
num_chunks_taken_from_freelist: 1809.
num_chunk_merges: 3.
num_chunk_splits: 1178.
num_chunks_enlarged: 759.
num_inconsistent_stats: 0.

CodeHeap 'non-profiled nmethods': size=120000Kb used=1632Kb max_used=1632Kb free=118368Kb
 bounds [0x0000022087ad0000, 0x0000022087d40000, 0x000002208f000000]
CodeHeap 'profiled nmethods': size=120000Kb used=6145Kb max_used=6145Kb free=113854Kb
 bounds [0x0000022080000000, 0x0000022080610000, 0x0000022087530000]
CodeHeap 'non-nmethods': size=5760Kb used=1502Kb max_used=1577Kb free=4258Kb
 bounds [0x0000022087530000, 0x00000220877a0000, 0x0000022087ad0000]
 total_blobs=3618 nmethods=3044 adapters=478
 compilation: enabled
              stopped_count=0, restarted_count=0
 full_count=0

Compilation events (20 events):
Event: 5.121 Thread 0x00000220fe4c2d80 nmethod 3008 0x00000220805e7a10 code [0x00000220805e7ba0, 0x00000220805e7cd8]
Event: 5.121 Thread 0x00000220fe4c2d80 3012       3       org.objectweb.asm.Frame::pop (42 bytes)
Event: 5.121 Thread 0x00000220fe4c2d80 nmethod 3012 0x00000220805e7e10 code [0x00000220805e7fc0, 0x00000220805e8178]
Event: 5.121 Thread 0x00000220fe4c2d80 3007       3       java.util.ArrayList$ArrayListSpliterator::getFence (35 bytes)
Event: 5.121 Thread 0x00000220fe4c2d80 nmethod 3007 0x00000220805e8290 code [0x00000220805e8420, 0x00000220805e8578]
Event: 5.121 Thread 0x00000220fe4c2d80 3014       3       java.lang.invoke.DirectMethodHandle$Holder::invokeStatic (24 bytes)
Event: 5.121 Thread 0x00000220fe4c2d80 nmethod 3014 0x00000220805e8610 code [0x00000220805e87e0, 0x00000220805e8d50]
Event: 5.122 Thread 0x00000220fe4c2d80 3015       1       java.util.ImmutableCollections$List12::isEmpty (2 bytes)
Event: 5.122 Thread 0x00000220fe4c2d80 nmethod 3015 0x0000022087c66410 code [0x0000022087c665a0, 0x0000022087c66668]
Event: 5.123 Thread 0x00000220fe4c2d80 3016       3       java.lang.ClassLoader::getParent (32 bytes)
Event: 5.124 Thread 0x00000220fe4c2d80 nmethod 3016 0x00000220805e8e90 code [0x00000220805e9040, 0x00000220805e92a0]
Event: 5.127 Thread 0x00000220fe4c2d80 3018       3       java.io.File::getName (42 bytes)
Event: 5.127 Thread 0x00000220fe4c2d80 nmethod 3018 0x00000220805e9390 code [0x00000220805e95e0, 0x00000220805e9e08]
Event: 5.128 Thread 0x00000220fe4c2d80 3019       3       java.lang.invoke.LambdaFormEditor::makeArgumentCombinationForm (508 bytes)
Event: 5.131 Thread 0x00000220fe4c2d80 nmethod 3019 0x00000220805ea190 code [0x00000220805ea5c0, 0x00000220805ec450]
Event: 5.147 Thread 0x00000220fe4c2d80 3020       3       java.lang.invoke.MethodHandles$Lookup::getDirectMethod (18 bytes)
Event: 5.147 Thread 0x00000220fe4c2d80 nmethod 3020 0x00000220805ed510 code [0x00000220805ed6c0, 0x00000220805ed810]
Event: 5.149 Thread 0x00000220fe4c2d80 3021       3       java.lang.invoke.LambdaForm$Name::<init> (23 bytes)
Event: 5.150 Thread 0x00000220fe4c2d80 nmethod 3021 0x00000220805ed910 code [0x00000220805edb40, 0x00000220805ee570]
Event: 5.288 Thread 0x00000220fe4c2d80 3022       3       java.util.concurrent.TimeUnit::toNanos (45 bytes)

GC Heap History (6 events):
Event: 0.956 GC heap before
{Heap before GC invocations=0 (full 0):
 garbage-first heap   total 262144K, used 22528K [0x00000000e0000000, 0x0000000100000000)
  region size 1024K, 23 young (23552K), 0 survivors (0K)
 Metaspace       used 1107K, committed 1216K, reserved 393216K
  class space    used 76K, committed 128K, reserved 327680K
}
Event: 0.962 GC heap after
{Heap after GC invocations=1 (full 0):
 garbage-first heap   total 262144K, used 5204K [0x00000000e0000000, 0x0000000100000000)
  region size 1024K, 3 young (3072K), 3 survivors (3072K)
 Metaspace       used 1107K, committed 1216K, reserved 393216K
  class space    used 76K, committed 128K, reserved 327680K
}
Event: 2.210 GC heap before
{Heap before GC invocations=1 (full 0):
 garbage-first heap   total 262144K, used 41044K [0x00000000e0000000, 0x0000000100000000)
  region size 1024K, 35 young (35840K), 3 survivors (3072K)
 Metaspace       used 4387K, committed 4608K, reserved 393216K
  class space    used 536K, committed 640K, reserved 327680K
}
Event: 2.214 GC heap after
{Heap after GC invocations=2 (full 0):
 garbage-first heap   total 262144K, used 12203K [0x00000000e0000000, 0x0000000100000000)
  region size 1024K, 4 young (4096K), 4 survivors (4096K)
 Metaspace       used 4387K, committed 4608K, reserved 393216K
  class space    used 536K, committed 640K, reserved 327680K
}
Event: 2.987 GC heap before
{Heap before GC invocations=2 (full 0):
 garbage-first heap   total 262144K, used 60331K [0x00000000e0000000, 0x0000000100000000)
  region size 1024K, 49 young (50176K), 4 survivors (4096K)
 Metaspace       used 5973K, committed 6144K, reserved 393216K
  class space    used 760K, committed 832K, reserved 327680K
}
Event: 2.993 GC heap after
{Heap after GC invocations=3 (full 0):
 garbage-first heap   total 262144K, used 18650K [0x00000000e0000000, 0x0000000100000000)
  region size 1024K, 7 young (7168K), 7 survivors (7168K)
 Metaspace       used 5973K, committed 6144K, reserved 393216K
  class space    used 760K, committed 832K, reserved 327680K
}

Dll operation events (15 events):
Event: 0.016 Loaded shared library C:\Program Files\Java\jdk-21\bin\java.dll
Event: 0.063 Loaded shared library C:\Program Files\Java\jdk-21\bin\jsvml.dll
Event: 0.124 Loaded shared library C:\Program Files\Java\jdk-21\bin\zip.dll
Event: 0.130 Loaded shared library C:\Program Files\Java\jdk-21\bin\instrument.dll
Event: 0.135 Loaded shared library C:\Program Files\Java\jdk-21\bin\net.dll
Event: 0.137 Loaded shared library C:\Program Files\Java\jdk-21\bin\nio.dll
Event: 0.140 Loaded shared library C:\Program Files\Java\jdk-21\bin\zip.dll
Event: 0.720 Loaded shared library C:\Program Files\Java\jdk-21\bin\jimage.dll
Event: 1.057 Loaded shared library C:\Program Files\Java\jdk-21\bin\verify.dll
Event: 1.334 Loaded shared library C:\Users\ASUS\.gradle\native\c067742578af261105cb4f569cf0c3c89f3d7b1fecec35dd04571415982c5e48\windows-amd64\native-platform.dll
Event: 1.350 Loaded shared library C:\Users\ASUS\.gradle\native\100fb08df4bc3b14c8652ba06237920a3bd2aa13389f12d3474272988ae205f9\windows-amd64\native-platform-file-events.dll
Event: 3.031 Loaded shared library C:\Program Files\Java\jdk-21\bin\management.dll
Event: 3.037 Loaded shared library C:\Program Files\Java\jdk-21\bin\management_ext.dll
Event: 3.300 Loaded shared library C:\Program Files\Java\jdk-21\bin\extnet.dll
Event: 3.465 Loaded shared library C:\Program Files\Java\jdk-21\bin\sunmscapi.dll

Deoptimization events (20 events):
Event: 4.135 Thread 0x00000220a8e38c50 DEOPT PACKING pc=0x0000022087afd41c sp=0x000000a68a4fc210
Event: 4.135 Thread 0x00000220a8e38c50 DEOPT UNPACKING pc=0x00000220875846a2 sp=0x000000a68a4fc150 mode 2
Event: 5.048 Thread 0x00000220a8e38c50 Uncommon trap: trap_request=0xffffff45 fr.pc=0x0000022087c36fd0 relative=0x0000000000000130
Event: 5.048 Thread 0x00000220a8e38c50 Uncommon trap: reason=unstable_if action=reinterpret pc=0x0000022087c36fd0 method=java.util.Arrays.equals([Ljava/lang/Object;[Ljava/lang/Object;)Z @ 44 c2
Event: 5.048 Thread 0x00000220a8e38c50 DEOPT PACKING pc=0x0000022087c36fd0 sp=0x000000a68a4fb3c0
Event: 5.048 Thread 0x00000220a8e38c50 DEOPT UNPACKING pc=0x00000220875846a2 sp=0x000000a68a4fb360 mode 2
Event: 5.048 Thread 0x00000220a8e38c50 Uncommon trap: trap_request=0xffffff45 fr.pc=0x0000022087c62fdc relative=0x00000000000001fc
Event: 5.048 Thread 0x00000220a8e38c50 Uncommon trap: reason=unstable_if action=reinterpret pc=0x0000022087c62fdc method=java.util.HashMap.getNode(Ljava/lang/Object;)Ljava/util/HashMap$Node; @ 131 c2
Event: 5.048 Thread 0x00000220a8e38c50 DEOPT PACKING pc=0x0000022087c62fdc sp=0x000000a68a4fb480
Event: 5.048 Thread 0x00000220a8e38c50 DEOPT UNPACKING pc=0x00000220875846a2 sp=0x000000a68a4fb3a0 mode 2
Event: 5.048 Thread 0x00000220a8e38c50 Uncommon trap: trap_request=0xffffff45 fr.pc=0x0000022087bf7bd4 relative=0x00000000000007b4
Event: 5.048 Thread 0x00000220a8e38c50 Uncommon trap: reason=unstable_if action=reinterpret pc=0x0000022087bf7bd4 method=java.util.HashMap.putVal(ILjava/lang/Object;Ljava/lang/Object;ZZ)Ljava/lang/Object; @ 206 c2
Event: 5.048 Thread 0x00000220a8e38c50 DEOPT PACKING pc=0x0000022087bf7bd4 sp=0x000000a68a4fb3c0
Event: 5.048 Thread 0x00000220a8e38c50 DEOPT UNPACKING pc=0x00000220875846a2 sp=0x000000a68a4fb348 mode 2
Event: 5.048 Thread 0x00000220a8e38c50 Uncommon trap: trap_request=0xffffff45 fr.pc=0x0000022087c603c8 relative=0x00000000000002e8
Event: 5.048 Thread 0x00000220a8e38c50 Uncommon trap: reason=unstable_if action=reinterpret pc=0x0000022087c603c8 method=java.util.HashMap.getNode(Ljava/lang/Object;)Ljava/util/HashMap$Node; @ 131 c2
Event: 5.048 Thread 0x00000220a8e38c50 DEOPT PACKING pc=0x0000022087c603c8 sp=0x000000a68a4fb420
Event: 5.048 Thread 0x00000220a8e38c50 DEOPT UNPACKING pc=0x00000220875846a2 sp=0x000000a68a4fb3a0 mode 2
Event: 5.135 Thread 0x00000220a8e38c50 DEOPT PACKING pc=0x000002208052b2a1 sp=0x000000a68a4fa280
Event: 5.135 Thread 0x00000220a8e38c50 DEOPT UNPACKING pc=0x0000022087584e42 sp=0x000000a68a4f9780 mode 0

Classes loaded (20 events):
Event: 4.629 Loading class java/io/ObjectOutputStream
Event: 4.630 Loading class java/io/ObjectOutput
Event: 4.630 Loading class java/io/ObjectOutput done
Event: 4.630 Loading class java/io/ObjectStreamConstants
Event: 4.630 Loading class java/io/ObjectStreamConstants done
Event: 4.630 Loading class java/io/ObjectOutputStream done
Event: 4.632 Loading class java/io/ObjectInputStream
Event: 4.633 Loading class java/io/ObjectInput
Event: 4.633 Loading class java/io/ObjectInput done
Event: 4.634 Loading class java/io/ObjectInputStream done
Event: 4.972 Loading class javax/xml/parsers/ParserConfigurationException
Event: 4.973 Loading class javax/xml/parsers/ParserConfigurationException done
Event: 4.973 Loading class org/xml/sax/SAXException
Event: 4.973 Loading class org/xml/sax/SAXException done
Event: 4.973 Loading class javax/xml/xpath/XPathExpressionException
Event: 4.973 Loading class javax/xml/xpath/XPathException
Event: 4.974 Loading class javax/xml/xpath/XPathException done
Event: 4.974 Loading class javax/xml/xpath/XPathExpressionException done
Event: 4.974 Loading class org/xml/sax/ErrorHandler
Event: 4.974 Loading class org/xml/sax/ErrorHandler done

Classes unloaded (0 events):
No events

Classes redefined (0 events):
No events

Internal exceptions (20 events):
Event: 4.213 Thread 0x00000220a8e38c50 Exception <a 'java/lang/NoSuchMethodError'{0x00000000ec7a0da8}: 'java.lang.Object java.lang.invoke.DelegatingMethodHandle$Holder.reinvoke_L(java.lang.Object, java.lang.Object, java.lang.Object, java.lang.Object, java.lang.Object, java.lang.Object, java.lang.Object, java.lang.Object, java.lang.Object, java.lang.Object, java.lang.Object, java.lang.Object, java.lang.Object, java.lang.Object, java.lang.Object, java.lang.Object, java.lang.Object, java.lang.Object, java.lang.Object, java.lang.Object, java.lang.O
Event: 4.218 Thread 0x00000220a8e38c50 Exception <a 'java/lang/NoSuchMethodError'{0x00000000ec60d600}: 'java.lang.Object java.lang.invoke.DirectMethodHandle$Holder.invokeStatic(java.lang.Object, java.lang.Object, java.lang.Object, java.lang.Object, java.lang.Object, java.lang.Object, java.lang.Object, java.lang.Object, java.lang.Object, java.lang.Object, java.lang.Object, java.lang.Object, java.lang.Object, java.lang.Object, java.lang.Object, java.lang.Object, java.lang.Object)'> (0x00000000ec60d600) 
thrown [s\open\src\hotspot\share\interprete
Event: 4.220 Thread 0x00000220a8e38c50 Exception <a 'java/lang/NoSuchMethodError'{0x00000000ec635e10}: 'java.lang.Object java.lang.invoke.DirectMethodHandle$Holder.invokeStatic(java.lang.Object, java.lang.Object, java.lang.Object, java.lang.Object, java.lang.Object, java.lang.Object, java.lang.Object, java.lang.Object, java.lang.Object, java.lang.Object, java.lang.Object, java.lang.Object, java.lang.Object, java.lang.Object, java.lang.Object, java.lang.Object, java.lang.Object, java.lang.Object)'> (0x00000000ec635e10) 
thrown [s\open\src\hotspo
Event: 4.223 Thread 0x00000220a8e38c50 Exception <a 'java/lang/NoSuchMethodError'{0x00000000ec65f8f0}: 'java.lang.Object java.lang.invoke.DirectMethodHandle$Holder.invokeStatic(java.lang.Object, java.lang.Object, java.lang.Object, java.lang.Object, java.lang.Object, java.lang.Object, java.lang.Object, java.lang.Object, java.lang.Object, java.lang.Object, java.lang.Object, java.lang.Object, java.lang.Object, java.lang.Object, java.lang.Object, java.lang.Object, java.lang.Object, java.lang.Object, java.lang.Object)'> (0x00000000ec65f8f0) 
thrown 
Event: 4.225 Thread 0x00000220a8e38c50 Exception <a 'java/lang/NoSuchMethodError'{0x00000000ec68aa40}: 'java.lang.Object java.lang.invoke.DirectMethodHandle$Holder.invokeStatic(java.lang.Object, java.lang.Object, java.lang.Object, java.lang.Object, java.lang.Object, java.lang.Object, java.lang.Object, java.lang.Object, java.lang.Object, java.lang.Object, java.lang.Object, java.lang.Object, java.lang.Object, java.lang.Object, java.lang.Object, java.lang.Object, java.lang.Object, java.lang.Object, java.lang.Object, java.lang.Object)'> (0x00000000
Event: 4.227 Thread 0x00000220a8e38c50 Exception <a 'java/lang/NoSuchMethodError'{0x00000000ec6b6b30}: 'java.lang.Object java.lang.invoke.DirectMethodHandle$Holder.invokeStatic(java.lang.Object, java.lang.Object, java.lang.Object, java.lang.Object, java.lang.Object, java.lang.Object, java.lang.Object, java.lang.Object, java.lang.Object, java.lang.Object, java.lang.Object, java.lang.Object, java.lang.Object, java.lang.Object, java.lang.Object, java.lang.Object, java.lang.Object, java.lang.Object, java.lang.Object, java.lang.Object, java.lang.Obj
Event: 4.229 Thread 0x00000220a8e38c50 Exception <a 'java/lang/NoSuchMethodError'{0x00000000ec6e3cf0}: 'java.lang.Object java.lang.invoke.DirectMethodHandle$Holder.invokeStatic(java.lang.Object, java.lang.Object, java.lang.Object, java.lang.Object, java.lang.Object, java.lang.Object, java.lang.Object, java.lang.Object, java.lang.Object, java.lang.Object, java.lang.Object, java.lang.Object, java.lang.Object, java.lang.Object, java.lang.Object, java.lang.Object, java.lang.Object, java.lang.Object, java.lang.Object, java.lang.Object, java.lang.Obj
Event: 4.232 Thread 0x00000220a8e38c50 Exception <a 'java/lang/NoSuchMethodError'{0x00000000ec511e48}: 'java.lang.Object java.lang.invoke.DirectMethodHandle$Holder.invokeStatic(java.lang.Object, java.lang.Object, java.lang.Object, java.lang.Object, java.lang.Object, java.lang.Object, java.lang.Object, java.lang.Object, java.lang.Object, java.lang.Object, java.lang.Object, java.lang.Object, java.lang.Object, java.lang.Object, java.lang.Object, java.lang.Object, java.lang.Object, java.lang.Object, java.lang.Object, java.lang.Object, java.lang.Obj
Event: 4.234 Thread 0x00000220a8e38c50 Exception <a 'java/lang/NoSuchMethodError'{0x00000000ec540a90}: 'java.lang.Object java.lang.invoke.DirectMethodHandle$Holder.invokeStatic(java.lang.Object, java.lang.Object, java.lang.Object, java.lang.Object, java.lang.Object, java.lang.Object, java.lang.Object, java.lang.Object, java.lang.Object, java.lang.Object, java.lang.Object, java.lang.Object, java.lang.Object, java.lang.Object, java.lang.Object, java.lang.Object, java.lang.Object, java.lang.Object, java.lang.Object, java.lang.Object, java.lang.Obj
Event: 4.236 Thread 0x00000220a8e38c50 Exception <a 'java/lang/NoSuchMethodError'{0x00000000ec570220}: 'java.lang.Object java.lang.invoke.DirectMethodHandle$Holder.invokeStatic(java.lang.Object, java.lang.Object, java.lang.Object, java.lang.Object, java.lang.Object, java.lang.Object, java.lang.Object, java.lang.Object, java.lang.Object, java.lang.Object, java.lang.Object, java.lang.Object, java.lang.Object, java.lang.Object, java.lang.Object, java.lang.Object, java.lang.Object, java.lang.Object, java.lang.Object, java.lang.Object, java.lang.Obj
Event: 4.238 Thread 0x00000220a8e38c50 Exception <a 'java/lang/NoSuchMethodError'{0x00000000ec5a14f0}: 'java.lang.Object java.lang.invoke.DirectMethodHandle$Holder.invokeStatic(java.lang.Object, java.lang.Object, java.lang.Object, java.lang.Object, java.lang.Object, java.lang.Object, java.lang.Object, java.lang.Object, java.lang.Object, java.lang.Object, java.lang.Object, java.lang.Object, java.lang.Object, java.lang.Object, java.lang.Object, java.lang.Object, java.lang.Object, java.lang.Object, java.lang.Object, java.lang.Object, java.lang.Obj
Event: 4.268 Thread 0x00000220a8e38c50 Exception <a 'java/lang/IncompatibleClassChangeError'{0x00000000ec495710}: Found class java.lang.Object, but interface was expected> (0x00000000ec495710) 
thrown [s\open\src\hotspot\share\interpreter\linkResolver.cpp, line 840]
Event: 4.520 Thread 0x00000220a8e38c50 Exception <a 'java/lang/IncompatibleClassChangeError'{0x00000000eba8e148}: Found class java.lang.Object, but interface was expected> (0x00000000eba8e148) 
thrown [s\open\src\hotspot\share\interpreter\linkResolver.cpp, line 840]
Event: 4.526 Thread 0x00000220a8e38c50 Exception <a 'java/lang/NoSuchMethodError'{0x00000000ebab69b8}: 'java.lang.Object java.lang.invoke.DirectMethodHandle$Holder.newInvokeSpecial(java.lang.Object, java.lang.Object, java.lang.Object, java.lang.Object, java.lang.Object, java.lang.Object, java.lang.Object, java.lang.Object, java.lang.Object, java.lang.Object)'> (0x00000000ebab69b8) 
thrown [s\open\src\hotspot\share\interpreter\linkResolver.cpp, line 773]
Event: 4.645 Thread 0x00000220a8e38c50 Exception <a 'java/lang/NoSuchMethodError'{0x00000000eb9c7310}: 'java.lang.Object java.lang.invoke.DirectMethodHandle$Holder.newInvokeSpecial(java.lang.Object, java.lang.Object, java.lang.Object, java.lang.Object, java.lang.Object, java.lang.Object, java.lang.Object, java.lang.Object)'> (0x00000000eb9c7310) 
thrown [s\open\src\hotspot\share\interpreter\linkResolver.cpp, line 773]
Event: 4.659 Thread 0x00000220a8e38c50 Exception <a 'java/lang/NoSuchMethodError'{0x00000000eb846f58}: 'int java.lang.invoke.DirectMethodHandle$Holder.invokeStaticInit(java.lang.Object, java.lang.Object, java.lang.Object)'> (0x00000000eb846f58) 
thrown [s\open\src\hotspot\share\interpreter\linkResolver.cpp, line 773]
Event: 4.814 Thread 0x00000220a8e38c50 Exception <a 'java/lang/NoSuchMethodError'{0x00000000eb39c290}: 'java.lang.Object java.lang.invoke.DirectMethodHandle$Holder.invokeVirtual(java.lang.Object, java.lang.Object, java.lang.Object, java.lang.Object, java.lang.Object, java.lang.Object, java.lang.Object, java.lang.Object, java.lang.Object, java.lang.Object, java.lang.Object, java.lang.Object, java.lang.Object, java.lang.Object, java.lang.Object, java.lang.Object, java.lang.Object, java.lang.Object, java.lang.Object, java.lang.Object, java.lang.Ob
Event: 4.829 Thread 0x00000220a8e38c50 Exception <a 'java/lang/NoSuchMethodError'{0x00000000eb20df10}: 'java.lang.Object java.lang.invoke.DirectMethodHandle$Holder.invokeSpecial(java.lang.Object, java.lang.Object, java.lang.Object, java.lang.Object, java.lang.Object, java.lang.Object, java.lang.Object, java.lang.Object, java.lang.Object, java.lang.Object, java.lang.Object, java.lang.Object, java.lang.Object, java.lang.Object, java.lang.Object, java.lang.Object, java.lang.Object, java.lang.Object, java.lang.Object, java.lang.Object, java.lang.Ob
Event: 5.060 Thread 0x00000220a8e38c50 Exception <a 'java/lang/NoSuchMethodError'{0x00000000eaa544a8}: 'java.lang.Object java.lang.invoke.DirectMethodHandle$Holder.newInvokeSpecial(java.lang.Object, java.lang.Object, java.lang.Object, java.lang.Object, java.lang.Object, java.lang.Object, java.lang.Object)'> (0x00000000eaa544a8) 
thrown [s\open\src\hotspot\share\interpreter\linkResolver.cpp, line 773]
Event: 5.101 Thread 0x00000220a8e38c50 Exception <a 'java/lang/NoSuchMethodError'{0x00000000ea811400}: 'java.lang.Object java.lang.invoke.DirectMethodHandle$Holder.invokeVirtual(java.lang.Object, java.lang.Object, java.lang.Object, java.lang.Object, java.lang.Object, java.lang.Object, java.lang.Object, java.lang.Object, java.lang.Object, java.lang.Object, java.lang.Object)'> (0x00000000ea811400) 
thrown [s\open\src\hotspot\share\interpreter\linkResolver.cpp, line 773]

ZGC Phase Switch (0 events):
No events

VM Operations (20 events):
Event: 3.205 Executing VM operation: HandshakeAllThreads (Deoptimize)
Event: 3.205 Executing VM operation: HandshakeAllThreads (Deoptimize) done
Event: 3.265 Executing VM operation: HandshakeAllThreads (Deoptimize)
Event: 3.265 Executing VM operation: HandshakeAllThreads (Deoptimize) done
Event: 3.404 Executing VM operation: HandshakeAllThreads (Deoptimize)
Event: 3.404 Executing VM operation: HandshakeAllThreads (Deoptimize) done
Event: 3.484 Executing VM operation: HandshakeAllThreads (Deoptimize)
Event: 3.484 Executing VM operation: HandshakeAllThreads (Deoptimize) done
Event: 3.600 Executing VM operation: ICBufferFull
Event: 3.600 Executing VM operation: ICBufferFull done
Event: 3.976 Executing VM operation: HandshakeAllThreads (Deoptimize)
Event: 3.976 Executing VM operation: HandshakeAllThreads (Deoptimize) done
Event: 4.249 Executing VM operation: HandshakeAllThreads (Deoptimize)
Event: 4.249 Executing VM operation: HandshakeAllThreads (Deoptimize) done
Event: 4.250 Executing VM operation: HandshakeAllThreads (Deoptimize)
Event: 4.250 Executing VM operation: HandshakeAllThreads (Deoptimize) done
Event: 4.348 Executing VM operation: ICBufferFull
Event: 4.348 Executing VM operation: ICBufferFull done
Event: 5.353 Executing VM operation: Cleanup
Event: 5.353 Executing VM operation: Cleanup done

Events (20 events):
Event: 0.723 Thread 0x00000220fe4c0b70 Thread added: 0x00000220fe4c0b70
Event: 0.989 Thread 0x00000220fe4c0b70 Thread exited: 0x00000220fe4c0b70
Event: 1.908 Thread 0x00000220fe4c04a0 Thread exited: 0x00000220fe4c04a0
Event: 2.063 Thread 0x00000220fe4c3b20 Thread added: 0x00000220fe4c3b20
Event: 2.219 Thread 0x00000220fe4c3b20 Thread exited: 0x00000220fe4c3b20
Event: 2.780 Thread 0x00000220fe4c26b0 Thread added: 0x00000220fe4c26b0
Event: 3.089 Thread 0x00000220a8e73390 Thread added: 0x00000220a8e73390
Event: 3.364 Thread 0x00000220a9054e00 Thread added: 0x00000220a9054e00
Event: 3.453 Thread 0x00000220a91afa00 Thread added: 0x00000220a91afa00
Event: 3.514 Thread 0x00000220a90cc9b0 Thread added: 0x00000220a90cc9b0
Event: 3.517 Thread 0x00000220a91e71c0 Thread added: 0x00000220a91e71c0
Event: 3.548 Thread 0x00000220a8e385f0 Thread added: 0x00000220a8e385f0
Event: 3.556 Thread 0x00000220a8e38c50 Thread added: 0x00000220a8e38c50
Event: 3.569 Thread 0x00000220a8e53e20 Thread added: 0x00000220a8e53e20
Event: 3.574 Thread 0x00000220a910e580 Thread added: 0x00000220a910e580
Event: 3.576 Thread 0x00000220a910d1d0 Thread added: 0x00000220a910d1d0
Event: 3.976 Thread 0x00000220a9110650 Thread added: 0x00000220a9110650
Event: 3.986 Thread 0x00000220a910ffc0 Thread added: 0x00000220a910ffc0
Event: 4.023 Thread 0x00000220a910ec10 Thread added: 0x00000220a910ec10
Event: 4.221 Thread 0x00000220fe4c1fe0 Thread added: 0x00000220fe4c1fe0


Dynamic libraries:
0x00007ff72e950000 - 0x00007ff72e960000 	C:\Program Files\Java\jdk-21\bin\java.exe
0x00007ffff1300000 - 0x00007ffff1563000 	C:\WINDOWS\SYSTEM32\ntdll.dll
0x00007fffef160000 - 0x00007fffef228000 	C:\WINDOWS\System32\KERNEL32.DLL
0x00007fffee6d0000 - 0x00007fffeea82000 	C:\WINDOWS\System32\KERNELBASE.dll
0x00007fffeeb40000 - 0x00007fffeec8b000 	C:\WINDOWS\System32\ucrtbase.dll
0x00007fffde1b0000 - 0x00007fffde1c9000 	C:\Program Files\Java\jdk-21\bin\jli.dll
0x00007fffdd210000 - 0x00007fffdd22b000 	C:\Program Files\Java\jdk-21\bin\VCRUNTIME140.dll
0x00007fffef9c0000 - 0x00007fffefa74000 	C:\WINDOWS\System32\ADVAPI32.dll
0x00007ffff0550000 - 0x00007ffff05f9000 	C:\WINDOWS\System32\msvcrt.dll
0x00007ffff01f0000 - 0x00007ffff0296000 	C:\WINDOWS\System32\sechost.dll
0x00007ffff0850000 - 0x00007ffff0966000 	C:\WINDOWS\System32\RPCRT4.dll
0x00007fffef7e0000 - 0x00007fffef9a8000 	C:\WINDOWS\System32\USER32.dll
0x00007fffd2cb0000 - 0x00007fffd2f40000 	C:\WINDOWS\WinSxS\amd64_microsoft.windows.common-controls_6595b64144ccf1df_6.0.26100.2454_none_3e0b68a2e331ad60\COMCTL32.dll
0x00007fffeec90000 - 0x00007fffeecb7000 	C:\WINDOWS\System32\win32u.dll
0x00007ffff0520000 - 0x00007ffff054a000 	C:\WINDOWS\System32\GDI32.dll
0x00007fffeeeb0000 - 0x00007fffeefdb000 	C:\WINDOWS\System32\gdi32full.dll
0x00007fffeea90000 - 0x00007fffeeb33000 	C:\WINDOWS\System32\msvcp_win.dll
0x00007fffde100000 - 0x00007fffde10b000 	C:\WINDOWS\SYSTEM32\VERSION.dll
0x00007ffff0f20000 - 0x00007ffff0f4f000 	C:\WINDOWS\System32\IMM32.DLL
0x00007fffdd200000 - 0x00007fffdd20c000 	C:\Program Files\Java\jdk-21\bin\vcruntime140_1.dll
0x00007fffb9b30000 - 0x00007fffb9bbe000 	C:\Program Files\Java\jdk-21\bin\msvcp140.dll
0x00007fff67ff0000 - 0x00007fff68d08000 	C:\Program Files\Java\jdk-21\bin\server\jvm.dll
0x00007ffff0e10000 - 0x00007ffff0e84000 	C:\WINDOWS\System32\WS2_32.dll
0x00007fffedbd0000 - 0x00007fffedc1e000 	C:\WINDOWS\SYSTEM32\POWRPROF.dll
0x00007fffd2a90000 - 0x00007fffd2ac6000 	C:\WINDOWS\SYSTEM32\WINMM.dll
0x00007fffedbb0000 - 0x00007fffedbc4000 	C:\WINDOWS\SYSTEM32\UMPDC.dll
0x00007fffed4e0000 - 0x00007fffed4fa000 	C:\WINDOWS\SYSTEM32\kernel.appcore.dll
0x00007fffdd1f0000 - 0x00007fffdd1fa000 	C:\Program Files\Java\jdk-21\bin\jimage.dll
0x00007fffe8eb0000 - 0x00007fffe90f1000 	C:\WINDOWS\SYSTEM32\DBGHELP.DLL
0x00007fffef3a0000 - 0x00007fffef71e000 	C:\WINDOWS\System32\combase.dll
0x00007fffef2c0000 - 0x00007fffef396000 	C:\WINDOWS\System32\OLEAUT32.dll
0x00007fffd2950000 - 0x00007fffd2989000 	C:\WINDOWS\SYSTEM32\dbgcore.DLL
0x00007fffeee10000 - 0x00007fffeeea9000 	C:\WINDOWS\System32\bcryptPrimitives.dll
0x00007fffdd1b0000 - 0x00007fffdd1bf000 	C:\Program Files\Java\jdk-21\bin\instrument.dll
0x00007fffdd130000 - 0x00007fffdd14f000 	C:\Program Files\Java\jdk-21\bin\java.dll
0x00007fffefae0000 - 0x00007ffff01e1000 	C:\WINDOWS\System32\SHELL32.dll
0x00007fffec3c0000 - 0x00007fffecbf1000 	C:\WINDOWS\SYSTEM32\windows.storage.dll
0x00007ffff0440000 - 0x00007ffff051a000 	C:\WINDOWS\System32\SHCORE.dll
0x00007fffefa80000 - 0x00007fffefadd000 	C:\WINDOWS\System32\shlwapi.dll
0x00007fffee5e0000 - 0x00007fffee60e000 	C:\WINDOWS\SYSTEM32\profapi.dll
0x00007fffa28c0000 - 0x00007fffa2997000 	C:\Program Files\Java\jdk-21\bin\jsvml.dll
0x00007fffdd110000 - 0x00007fffdd128000 	C:\Program Files\Java\jdk-21\bin\zip.dll
0x00007fffdbeb0000 - 0x00007fffdbec0000 	C:\Program Files\Java\jdk-21\bin\net.dll
0x00007fffdf480000 - 0x00007fffdf5a6000 	C:\WINDOWS\SYSTEM32\WINHTTP.dll
0x00007fffeda50000 - 0x00007fffedab8000 	C:\WINDOWS\system32\mswsock.dll
0x00007fffc42c0000 - 0x00007fffc42d6000 	C:\Program Files\Java\jdk-21\bin\nio.dll
0x00007fffdbe80000 - 0x00007fffdbe90000 	C:\Program Files\Java\jdk-21\bin\verify.dll
0x00007fffe3190000 - 0x00007fffe31b7000 	C:\Users\ASUS\.gradle\native\c067742578af261105cb4f569cf0c3c89f3d7b1fecec35dd04571415982c5e48\windows-amd64\native-platform.dll
0x00007fff9b000000 - 0x00007fff9b144000 	C:\Users\ASUS\.gradle\native\100fb08df4bc3b14c8652ba06237920a3bd2aa13389f12d3474272988ae205f9\windows-amd64\native-platform-file-events.dll
0x00007fffdbe30000 - 0x00007fffdbe3a000 	C:\Program Files\Java\jdk-21\bin\management.dll
0x00007fffdb940000 - 0x00007fffdb94b000 	C:\Program Files\Java\jdk-21\bin\management_ext.dll
0x00007fffef2b0000 - 0x00007fffef2b8000 	C:\WINDOWS\System32\PSAPI.DLL
0x00007fffeddc0000 - 0x00007fffedddc000 	C:\WINDOWS\SYSTEM32\CRYPTSP.dll
0x00007fffed440000 - 0x00007fffed478000 	C:\WINDOWS\system32\rsaenh.dll
0x00007fffedb20000 - 0x00007fffedb4b000 	C:\WINDOWS\SYSTEM32\USERENV.dll
0x00007fffee000000 - 0x00007fffee026000 	C:\WINDOWS\SYSTEM32\bcrypt.dll
0x00007fffedde0000 - 0x00007fffeddec000 	C:\WINDOWS\SYSTEM32\CRYPTBASE.dll
0x00007fffecef0000 - 0x00007fffecf22000 	C:\WINDOWS\SYSTEM32\IPHLPAPI.DLL
0x00007ffff0ec0000 - 0x00007ffff0eca000 	C:\WINDOWS\System32\NSI.dll
0x00007fffdb160000 - 0x00007fffdb169000 	C:\Program Files\Java\jdk-21\bin\extnet.dll
0x00007fffdaba0000 - 0x00007fffdabae000 	C:\Program Files\Java\jdk-21\bin\sunmscapi.dll
0x00007fffeefe0000 - 0x00007fffef156000 	C:\WINDOWS\System32\CRYPT32.dll
0x00007fffedfc0000 - 0x00007fffedff0000 	C:\WINDOWS\SYSTEM32\ncrypt.dll
0x00007fffedf70000 - 0x00007fffedfaf000 	C:\WINDOWS\SYSTEM32\NTASN1.dll
0x00007fffdb700000 - 0x00007fffdb708000 	C:\WINDOWS\system32\wshunix.dll

dbghelp: loaded successfully - version: 4.0.5 - missing functions: none
symbol engine: initialized successfully - sym options: 0x614 - pdb path: .;C:\Program Files\Java\jdk-21\bin;C:\WINDOWS\SYSTEM32;C:\WINDOWS\WinSxS\amd64_microsoft.windows.common-controls_6595b64144ccf1df_6.0.26100.2454_none_3e0b68a2e331ad60;C:\Program Files\Java\jdk-21\bin\server;C:\Users\ASUS\.gradle\native\c067742578af261105cb4f569cf0c3c89f3d7b1fecec35dd04571415982c5e48\windows-amd64;C:\Users\ASUS\.gradle\native\100fb08df4bc3b14c8652ba06237920a3bd2aa13389f12d3474272988ae205f9\windows-amd64

VM Arguments:
jvm_args: --add-opens=java.base/java.util=ALL-UNNAMED --add-opens=java.base/java.lang=ALL-UNNAMED --add-opens=java.base/java.lang.invoke=ALL-UNNAMED --add-opens=java.prefs/java.util.prefs=ALL-UNNAMED --add-exports=jdk.compiler/com.sun.tools.javac.api=ALL-UNNAMED --add-exports=jdk.compiler/com.sun.tools.javac.util=ALL-UNNAMED --add-opens=java.base/java.nio.charset=ALL-UNNAMED --add-opens=java.base/java.net=ALL-UNNAMED --add-opens=java.base/java.util.concurrent.atomic=ALL-UNNAMED -XX:MaxMetaspaceSize=384m -XX:+HeapDumpOnOutOfMemoryError -Xms256m -Xmx512m -Dfile.encoding=UTF-8 -Duser.country=GB -Duser.language=en -Duser.variant -javaagent:C:\Users\ASUS\.gradle\wrapper\dists\gradle-8.10.2-bin\a04bxjujx95o3nb99gddekhwo\gradle-8.10.2\lib\agents\gradle-instrumentation-agent-8.10.2.jar 
java_command: org.gradle.launcher.daemon.bootstrap.GradleDaemon 8.10.2
java_class_path (initial): C:\Users\ASUS\.gradle\wrapper\dists\gradle-8.10.2-bin\a04bxjujx95o3nb99gddekhwo\gradle-8.10.2\lib\gradle-daemon-main-8.10.2.jar
Launcher Type: SUN_STANDARD

[Global flags]
     intx CICompilerCount                          = 4                                         {product} {ergonomic}
   size_t CompressedClassSpaceSize                 = 335544320                                 {product} {ergonomic}
     uint ConcGCThreads                            = 2                                         {product} {ergonomic}
     uint G1ConcRefinementThreads                  = 8                                         {product} {ergonomic}
   size_t G1HeapRegionSize                         = 1048576                                   {product} {ergonomic}
    uintx GCDrainStackTargetSize                   = 64                                        {product} {ergonomic}
     bool HeapDumpOnOutOfMemoryError               = true                                   {manageable} {command line}
   size_t InitialHeapSize                          = 268435456                                 {product} {command line}
   size_t MarkStackSize                            = 4194304                                   {product} {ergonomic}
   size_t MaxHeapSize                              = 536870912                                 {product} {command line}
   size_t MaxMetaspaceSize                         = 402653184                                 {product} {command line}
   size_t MaxNewSize                               = 321912832                                 {product} {ergonomic}
   size_t MinHeapDeltaBytes                        = 1048576                                   {product} {ergonomic}
   size_t MinHeapSize                              = 268435456                                 {product} {command line}
    uintx NonNMethodCodeHeapSize                   = 5839372                                {pd product} {ergonomic}
    uintx NonProfiledCodeHeapSize                  = 122909434                              {pd product} {ergonomic}
    uintx ProfiledCodeHeapSize                     = 122909434                              {pd product} {ergonomic}
    uintx ReservedCodeCacheSize                    = 251658240                              {pd product} {ergonomic}
     bool SegmentedCodeCache                       = true                                      {product} {ergonomic}
   size_t SoftMaxHeapSize                          = 536870912                              {manageable} {ergonomic}
     bool UseCompressedOops                        = true                           {product lp64_product} {ergonomic}
     bool UseG1GC                                  = true                                      {product} {ergonomic}
     bool UseLargePagesIndividualAllocation        = false                                  {pd product} {ergonomic}

Logging:
Log output configuration:
 #0: stdout all=warning uptime,level,tags foldmultilines=false
 #1: stderr all=off uptime,level,tags foldmultilines=false

Environment Variables:
JAVA_HOME=C:\Program Files\Java\jdk-21
PATH=C:\Program Files\Microsoft SDKs\Azure\CLI2\wbin;C:\Program Files\Common Files\Oracle\Java\javapath;C:\WINDOWS\system32;C:\WINDOWS;C:\WINDOWS\System32\Wbem;C:\WINDOWS\System32\WindowsPowerShell\v1.0\;C:\WINDOWS\System32\OpenSSH\;C:\Program Files\Intel\WiFi\bin\;C:\Program Files\Common Files\Intel\WirelessCommon\;C:\Program Files\Git\cmd;C:\Program Files (x86)\NVIDIA Corporation\PhysX\Common;C:\Program Files\NVIDIA Corporation\NVIDIA NvDLISR;C:\Program Files\dotnet\;C:\WINDOWS\system32;C:\WINDOWS;C:\WINDOWS\System32\Wbem;C:\WINDOWS\System32\WindowsPowerShell\v1.0\;C:\WINDOWS\System32\OpenSSH\;C:\Program Files\Microsoft SQL Server\Client SDK\ODBC\170\Tools\Binn\;C:\Program Files (x86)\Microsoft SQL Server\150\Tools\Binn\;C:\Program Files\Microsoft SQL Server\150\Tools\Binn\;C:\Program Files\Microsoft SQL Server\150\DTS\Binn\;C:\Program Files (x86)\Microsoft SQL Server\150\DTS\Binn\;C:\Program Files\Azure Data Studio\bin;C:\xampp\php;C:\ProgramData\ComposerSetup\bin;C:\Program Files\Docker\Docker\resources\bin;C:\Program Files\OpenSSL-Win64\bin;C:\Users\ASUS\AppData\Roaming\nvm;C:\Program Files\nodejs;C:\Users\ASUS\AppData\Local\Microsoft\WindowsApps;C:\Users\ASUS\AppData\Local\Programs\Microsoft VS Code\bin;C:\Program Files\heroku\bin;C:\Users\ASUS\AppData\Local\GitHubDesktop\bin;C:\Users\ASUS\AppData\Roaming\npm;C:\Program Files\Azure Data Studio\bin;C:\Program Files\Java\jdk-21\bin;C:\Program Files\Java\jdk-17.0.4.1\bin;%M2_HOME%\bin;C:\Users\ASUS\AppData\Roaming\Composer\vendor\bin;C:\Users\ASUS\.dotnet\tools;C:\Users\ASUS\AppData\Local\Programs\Azure Dev CLI\;C:\Program Files\JetBrains\IntelliJ IDEA Educational Edition 2022.2.2\bin;;D:\MyEdu\Aptech\DevTools\flutter\bin.;C:\Users\ASUS\AppData\Local\Android\Sdk\platform-tools;C:\Users\ASUS\AppData\Roaming\nvm;C:\Program Files\nodejs;C:\Program Files\JetBrains\IntelliJ IDEA 2024.2.1\bin;;
USERNAME=ASUS
OS=Windows_NT
PROCESSOR_IDENTIFIER=Intel64 Family 6 Model 142 Stepping 12, GenuineIntel
TMP=C:\Users\ASUS\AppData\Local\Temp
TEMP=C:\Users\ASUS\AppData\Local\Temp




Periodic native trim disabled

---------------  S Y S T E M  ---------------

OS:
 Windows 11 , 64 bit Build 26100 (10.0.26100.2454)
OS uptime: 0 days 9:53 hours
Hyper-V role detected

CPU: total 8 (initial active 8) (4 cores per cpu, 2 threads per core) family 6 model 142 stepping 12 microcode 0xde, cx8, cmov, fxsr, ht, mmx, 3dnowpref, sse, sse2, sse3, ssse3, sse4.1, sse4.2, popcnt, lzcnt, tsc, tscinvbit, avx, avx2, aes, erms, clmul, bmi1, bmi2, adx, fma, vzeroupper, clflush, clflushopt, hv, rdtscp, f16c
Processor Information for all 8 processors :
  Max Mhz: 1800, Current Mhz: 1600, Mhz Limit: 1584

Memory: 4k page, system-wide physical 20331M (744M free)
TotalPageFile size 56460M (AvailPageFile size 10M)
current process WorkingSet (physical memory assigned to process): 264M, peak: 267M
current process commit charge ("private bytes"): 451M, peak: 457M

vm_info: Java HotSpot(TM) 64-Bit Server VM (21.0.5+9-LTS-239) for windows-amd64 JRE (21.0.5+9-LTS-239), built on 2024-09-30T05:17:38Z by "mach5one" with MS VC++ 17.6 (VS2022)

END.
